{"type":"5","info":["","","","","2022-05-10 16:13:57.451","userManage-client","192.168.56.1","1","","","com.fundtrans.userManage.service.UserService.deleteUser","jres-svr","","1"],"myPackage":{"error_no":"-1","error_info":"[-1][com.fundtrans.exception.GlobalException][originalError=null]","requestBody":""}}
{"type":"5","info":["ba677a27292d4f9d81a222d656534b2d42c47f64cd696c00","0","","","2022-05-10 16:21:19.600","userManage-server","192.168.56.1","1","","","com.fundtrans.userManage.service.UserService.findById","jres-svr","","4"],"myPackage":{"error_no":"-1","error_info":"","requestBody":"Nzc9MQAxMT0xMgAzMz17InBhdGgiOm51bGwsImludGVyZmFjZSI6ImNvbS5m dW5kdHJhbnMudXNlck1hbmFnZS5zZXJ2aWNlLlVzZXJTZXJ2aWNlIiwidmVy c2lvbiI6InYiLCJ0aW1lb3V0IjoiMzAwMDAiLCJncm91cCI6ImZ1bmRfdHJh bnMifQAxMz04ADE0PTE2ADM3PTMANT0ANzU9cHVibGljIGFic3RyYWN0IGNv bS5mdW5kdHJhbnMudXNlck1hbmFnZS5wb2pvLlVzZXIgY29tLmZ1bmR0cmFu cy51c2VyTWFuYWdlLnNlcnZpY2UuVXNlclNlcnZpY2UuZmluZEJ5SWQoamF2 YS5sYW5nLlN0cmluZykAMj0zADIzPWZ1bmRfdHJhbnMAdXNlck1hbmFnZS1z ZXJ2ZXIAdgAxPTE3ADg9eyJwYXJhbTAiOiIxMjIyIn0A","exceptionStack":"GlobalException(respBeanEnum=RespBeanEnum(code=500102, message=用户不存在))
	at com.funtrans.userManage.server.serviceImpl.UserServiceImpl.findById(UserServiceImpl.java:35)
	at com.alibaba.dubbo.common.bytecode.Wrapper0.invokeMethod(Wrapper0.java)
	at com.alibaba.dubbo.rpc.proxy.javassist.JavassistProxyFactory$1.doInvoke(JavassistProxyFactory.java:51)
	at com.alibaba.dubbo.rpc.proxy.AbstractProxyInvoker.invoke(AbstractProxyInvoker.java:77)
	at com.alibaba.dubbo.rpc.protocol.InvokerWrapper.invoke(InvokerWrapper.java:57)
	at com.alibaba.dubbo.rpc.filter.ExceptionFilter.invoke(ExceptionFilter.java:62)
	at com.alibaba.dubbo.rpc.protocol.ProtocolFilterWrapper$1.invoke(ProtocolFilterWrapper.java:117)
	at com.alibaba.dubbo.rpc.filter.TimeoutFilter.invoke(TimeoutFilter.java:43)
	at com.alibaba.dubbo.rpc.protocol.ProtocolFilterWrapper$1.invoke(ProtocolFilterWrapper.java:117)
	at com.alibaba.dubbo.rpc.protocol.dubbo.filter.TraceFilter.invoke(TraceFilter.java:79)
	at com.alibaba.dubbo.rpc.protocol.ProtocolFilterWrapper$1.invoke(ProtocolFilterWrapper.java:117)
	at com.alibaba.dubbo.monitor.support.MonitorFilter.invoke(MonitorFilter.java:76)
	at com.alibaba.dubbo.rpc.protocol.ProtocolFilterWrapper$1.invoke(ProtocolFilterWrapper.java:117)
	at com.hundsun.jrescloud.rpc.def.manager.filter.DebugProviderFilter.invoke(DebugProviderFilter.java:103)
	at com.alibaba.dubbo.rpc.protocol.ProtocolFilterWrapper$1.invoke(ProtocolFilterWrapper.java:117)
	at com.alibaba.dubbo.rpc.filter.ContextFilter.invoke(ContextFilter.java:87)
	at com.alibaba.dubbo.rpc.protocol.ProtocolFilterWrapper$1.invoke(ProtocolFilterWrapper.java:117)
	at com.alibaba.dubbo.rpc.filter.GenericFilter.invoke(GenericFilter.java:155)
	at com.alibaba.dubbo.rpc.protocol.ProtocolFilterWrapper$1.invoke(ProtocolFilterWrapper.java:117)
	at com.alibaba.dubbo.rpc.filter.ClassLoaderFilter.invoke(ClassLoaderFilter.java:39)
	at com.alibaba.dubbo.rpc.protocol.ProtocolFilterWrapper$1.invoke(ProtocolFilterWrapper.java:117)
	at com.alibaba.dubbo.rpc.filter.EchoFilter.invoke(EchoFilter.java:40)
	at com.alibaba.dubbo.rpc.protocol.ProtocolFilterWrapper$1.invoke(ProtocolFilterWrapper.java:117)
	at com.hundsun.jrescloud.rpc.def.filter.RpcResultWrapper.invoke(RpcResultWrapper.java:74)
	at com.alibaba.dubbo.rpc.protocol.ProtocolFilterWrapper$1.invoke(ProtocolFilterWrapper.java:117)
	at com.hundsun.jrescloud.rpc.def.monitor.filter.MonitorProviderFilter.invoke(MonitorProviderFilter.java:69)
	at com.alibaba.dubbo.rpc.protocol.ProtocolFilterWrapper$1.invoke(ProtocolFilterWrapper.java:117)
	at com.hundsun.jrescloud.rpc.def.bodyinfo.BodyInfoProviderFilter.invoke(BodyInfoProviderFilter.java:59)
	at com.alibaba.dubbo.rpc.protocol.ProtocolFilterWrapper$1.invoke(ProtocolFilterWrapper.java:117)
	at com.hundsun.jrescloud.rpc.def.log.LogContextFilter.invoke(LogContextFilter.java:31)
	at com.alibaba.dubbo.rpc.protocol.ProtocolFilterWrapper$1.invoke(ProtocolFilterWrapper.java:117)
	at com.hundsun.jrescloud.rpc.def.trace.TraceProviderFilter.invoke(TraceProviderFilter.java:156)
	at com.alibaba.dubbo.rpc.protocol.ProtocolFilterWrapper$1.invoke(ProtocolFilterWrapper.java:117)
	at com.alibaba.dubbo.rpc.protocol.t3.T3Protocol$1.reply(T3Protocol.java:171)
	at com.alibaba.dubbo.remoting.exchange.support.header.HeaderExchangeHandler.handleRequest(HeaderExchangeHandler.java:96)
	at com.alibaba.dubbo.remoting.exchange.support.header.HeaderExchangeHandler.received(HeaderExchangeHandler.java:186)
	at com.alibaba.dubbo.remoting.transport.DecodeHandler.received(DecodeHandler.java:53)
	at com.alibaba.dubbo.remoting.transport.dispatcher.ChannelEventRunnable.run(ChannelEventRunnable.java:83)
	at java.util.concurrent.ThreadPoolExecutor.runWorker(ThreadPoolExecutor.java:1149)
	at java.util.concurrent.ThreadPoolExecutor$Worker.run(ThreadPoolExecutor.java:624)
	at java.lang.Thread.run(Thread.java:748)

"}}
{"type":"5","info":["","","","","2022-05-10 16:21:19.612","userManage-client","192.168.56.1","1","","","com.fundtrans.userManage.service.UserService.findById","jres-svr","","4"],"myPackage":{"error_no":"-1","error_info":"[-1][com.fundtrans.exception.GlobalException][originalError=null]","requestBody":""}}
{"type":"5","info":["b0df29569d2c44a18a122691944d8e4f1660724cb4132c00","0","","","2022-05-10 16:33:20.708","userManage-server","192.168.56.1","1","","","com.fundtrans.userManage.service.UserService.findById","jres-svr","","4"],"myPackage":{"error_no":"-1","error_info":"","requestBody":"Nzc9MQAxMT04ADMzPXsicGF0aCI6bnVsbCwiaW50ZXJmYWNlIjoiY29tLmZ1 bmR0cmFucy51c2VyTWFuYWdlLnNlcnZpY2UuVXNlclNlcnZpY2UiLCJ2ZXJz aW9uIjoidiIsInRpbWVvdXQiOiIzMDAwMCIsImdyb3VwIjoiZnVuZF90cmFu cyJ9ADEzPTgAMTQ9MTYAMzc9MwA1PQA3NT1wdWJsaWMgYWJzdHJhY3QgY29t LmZ1bmR0cmFucy52by5SZXNwQmVhbiBjb20uZnVuZHRyYW5zLnVzZXJNYW5h Z2Uuc2VydmljZS5Vc2VyU2VydmljZS5maW5kQnlJZChqYXZhLmxhbmcuU3Ry aW5nKQAyPTMAMjM9ZnVuZF90cmFucwB1c2VyTWFuYWdlLXNlcnZlcgB2ADE9 MTcAOD17InBhcmFtMCI6IjEyMjIifQA=","exceptionStack":"GlobalException(respBeanEnum=RespBeanEnum(code=500102, message=用户不存在))
	at com.funtrans.userManage.server.serviceImpl.UserServiceImpl.findById(UserServiceImpl.java:35)
	at com.alibaba.dubbo.common.bytecode.Wrapper0.invokeMethod(Wrapper0.java)
	at com.alibaba.dubbo.rpc.proxy.javassist.JavassistProxyFactory$1.doInvoke(JavassistProxyFactory.java:51)
	at com.alibaba.dubbo.rpc.proxy.AbstractProxyInvoker.invoke(AbstractProxyInvoker.java:77)
	at com.alibaba.dubbo.rpc.protocol.InvokerWrapper.invoke(InvokerWrapper.java:57)
	at com.alibaba.dubbo.rpc.filter.ExceptionFilter.invoke(ExceptionFilter.java:62)
	at com.alibaba.dubbo.rpc.protocol.ProtocolFilterWrapper$1.invoke(ProtocolFilterWrapper.java:117)
	at com.alibaba.dubbo.rpc.filter.TimeoutFilter.invoke(TimeoutFilter.java:43)
	at com.alibaba.dubbo.rpc.protocol.ProtocolFilterWrapper$1.invoke(ProtocolFilterWrapper.java:117)
	at com.alibaba.dubbo.rpc.protocol.dubbo.filter.TraceFilter.invoke(TraceFilter.java:79)
	at com.alibaba.dubbo.rpc.protocol.ProtocolFilterWrapper$1.invoke(ProtocolFilterWrapper.java:117)
	at com.alibaba.dubbo.monitor.support.MonitorFilter.invoke(MonitorFilter.java:76)
	at com.alibaba.dubbo.rpc.protocol.ProtocolFilterWrapper$1.invoke(ProtocolFilterWrapper.java:117)
	at com.hundsun.jrescloud.rpc.def.manager.filter.DebugProviderFilter.invoke(DebugProviderFilter.java:103)
	at com.alibaba.dubbo.rpc.protocol.ProtocolFilterWrapper$1.invoke(ProtocolFilterWrapper.java:117)
	at com.alibaba.dubbo.rpc.filter.ContextFilter.invoke(ContextFilter.java:87)
	at com.alibaba.dubbo.rpc.protocol.ProtocolFilterWrapper$1.invoke(ProtocolFilterWrapper.java:117)
	at com.alibaba.dubbo.rpc.filter.GenericFilter.invoke(GenericFilter.java:155)
	at com.alibaba.dubbo.rpc.protocol.ProtocolFilterWrapper$1.invoke(ProtocolFilterWrapper.java:117)
	at com.alibaba.dubbo.rpc.filter.ClassLoaderFilter.invoke(ClassLoaderFilter.java:39)
	at com.alibaba.dubbo.rpc.protocol.ProtocolFilterWrapper$1.invoke(ProtocolFilterWrapper.java:117)
	at com.alibaba.dubbo.rpc.filter.EchoFilter.invoke(EchoFilter.java:40)
	at com.alibaba.dubbo.rpc.protocol.ProtocolFilterWrapper$1.invoke(ProtocolFilterWrapper.java:117)
	at com.hundsun.jrescloud.rpc.def.filter.RpcResultWrapper.invoke(RpcResultWrapper.java:74)
	at com.alibaba.dubbo.rpc.protocol.ProtocolFilterWrapper$1.invoke(ProtocolFilterWrapper.java:117)
	at com.hundsun.jrescloud.rpc.def.monitor.filter.MonitorProviderFilter.invoke(MonitorProviderFilter.java:69)
	at com.alibaba.dubbo.rpc.protocol.ProtocolFilterWrapper$1.invoke(ProtocolFilterWrapper.java:117)
	at com.hundsun.jrescloud.rpc.def.bodyinfo.BodyInfoProviderFilter.invoke(BodyInfoProviderFilter.java:59)
	at com.alibaba.dubbo.rpc.protocol.ProtocolFilterWrapper$1.invoke(ProtocolFilterWrapper.java:117)
	at com.hundsun.jrescloud.rpc.def.log.LogContextFilter.invoke(LogContextFilter.java:31)
	at com.alibaba.dubbo.rpc.protocol.ProtocolFilterWrapper$1.invoke(ProtocolFilterWrapper.java:117)
	at com.hundsun.jrescloud.rpc.def.trace.TraceProviderFilter.invoke(TraceProviderFilter.java:156)
	at com.alibaba.dubbo.rpc.protocol.ProtocolFilterWrapper$1.invoke(ProtocolFilterWrapper.java:117)
	at com.alibaba.dubbo.rpc.protocol.t3.T3Protocol$1.reply(T3Protocol.java:171)
	at com.alibaba.dubbo.remoting.exchange.support.header.HeaderExchangeHandler.handleRequest(HeaderExchangeHandler.java:96)
	at com.alibaba.dubbo.remoting.exchange.support.header.HeaderExchangeHandler.received(HeaderExchangeHandler.java:186)
	at com.alibaba.dubbo.remoting.transport.DecodeHandler.received(DecodeHandler.java:53)
	at com.alibaba.dubbo.remoting.transport.dispatcher.ChannelEventRunnable.run(ChannelEventRunnable.java:83)
	at java.util.concurrent.ThreadPoolExecutor.runWorker(ThreadPoolExecutor.java:1149)
	at java.util.concurrent.ThreadPoolExecutor$Worker.run(ThreadPoolExecutor.java:624)
	at java.lang.Thread.run(Thread.java:748)

"}}
{"type":"5","info":["","","","","2022-05-10 16:33:20.770","userManage-client","192.168.56.1","1","","","com.fundtrans.userManage.service.UserService.findById","jres-svr","","4"],"myPackage":{"error_no":"-1","error_info":"[-1][com.fundtrans.exception.GlobalException][originalError=null]","requestBody":""}}
{"type":"5","info":["cfda8cd38ff1445fa9f0ea2f58f8341b662a02b701735400","0","","","2022-05-10 16:50:17.744","userManage-server","192.168.56.1","1","","","com.fundtrans.userManage.service.UserService.findById","jres-svr","","4"],"myPackage":{"error_no":"-1","error_info":"","requestBody":"Nzc9MQAxMT00ADMzPXsicGF0aCI6bnVsbCwiaW50ZXJmYWNlIjoiY29tLmZ1 bmR0cmFucy51c2VyTWFuYWdlLnNlcnZpY2UuVXNlclNlcnZpY2UiLCJ2ZXJz aW9uIjoidiIsInRpbWVvdXQiOiIzMDAwMCIsImdyb3VwIjoiZnVuZF90cmFu cyJ9ADEzPTgAMTQ9MTYAMzc9MwA1PQA3NT1wdWJsaWMgYWJzdHJhY3QgY29t LmZ1bmR0cmFucy52by5SZXNwQmVhbiBjb20uZnVuZHRyYW5zLnVzZXJNYW5h Z2Uuc2VydmljZS5Vc2VyU2VydmljZS5maW5kQnlJZChqYXZhLmxhbmcuU3Ry aW5nKQAyPTMAMjM9ZnVuZF90cmFucwB1c2VyTWFuYWdlLXNlcnZlcgB2ADE9 MTkAOD17InBhcmFtMCI6IjEyMzQ1NSJ9AA==","exceptionStack":"GlobalException(respBeanEnum=RespBeanEnum(code=500102, message=用户不存在))
	at com.funtrans.userManage.server.serviceImpl.UserServiceImpl.findById(UserServiceImpl.java:35)
	at com.alibaba.dubbo.common.bytecode.Wrapper0.invokeMethod(Wrapper0.java)
	at com.alibaba.dubbo.rpc.proxy.javassist.JavassistProxyFactory$1.doInvoke(JavassistProxyFactory.java:51)
	at com.alibaba.dubbo.rpc.proxy.AbstractProxyInvoker.invoke(AbstractProxyInvoker.java:77)
	at com.alibaba.dubbo.rpc.protocol.InvokerWrapper.invoke(InvokerWrapper.java:57)
	at com.alibaba.dubbo.rpc.filter.ExceptionFilter.invoke(ExceptionFilter.java:62)
	at com.alibaba.dubbo.rpc.protocol.ProtocolFilterWrapper$1.invoke(ProtocolFilterWrapper.java:117)
	at com.alibaba.dubbo.rpc.filter.TimeoutFilter.invoke(TimeoutFilter.java:43)
	at com.alibaba.dubbo.rpc.protocol.ProtocolFilterWrapper$1.invoke(ProtocolFilterWrapper.java:117)
	at com.alibaba.dubbo.rpc.protocol.dubbo.filter.TraceFilter.invoke(TraceFilter.java:79)
	at com.alibaba.dubbo.rpc.protocol.ProtocolFilterWrapper$1.invoke(ProtocolFilterWrapper.java:117)
	at com.alibaba.dubbo.monitor.support.MonitorFilter.invoke(MonitorFilter.java:76)
	at com.alibaba.dubbo.rpc.protocol.ProtocolFilterWrapper$1.invoke(ProtocolFilterWrapper.java:117)
	at com.hundsun.jrescloud.rpc.def.manager.filter.DebugProviderFilter.invoke(DebugProviderFilter.java:103)
	at com.alibaba.dubbo.rpc.protocol.ProtocolFilterWrapper$1.invoke(ProtocolFilterWrapper.java:117)
	at com.alibaba.dubbo.rpc.filter.ContextFilter.invoke(ContextFilter.java:87)
	at com.alibaba.dubbo.rpc.protocol.ProtocolFilterWrapper$1.invoke(ProtocolFilterWrapper.java:117)
	at com.alibaba.dubbo.rpc.filter.GenericFilter.invoke(GenericFilter.java:155)
	at com.alibaba.dubbo.rpc.protocol.ProtocolFilterWrapper$1.invoke(ProtocolFilterWrapper.java:117)
	at com.alibaba.dubbo.rpc.filter.ClassLoaderFilter.invoke(ClassLoaderFilter.java:39)
	at com.alibaba.dubbo.rpc.protocol.ProtocolFilterWrapper$1.invoke(ProtocolFilterWrapper.java:117)
	at com.alibaba.dubbo.rpc.filter.EchoFilter.invoke(EchoFilter.java:40)
	at com.alibaba.dubbo.rpc.protocol.ProtocolFilterWrapper$1.invoke(ProtocolFilterWrapper.java:117)
	at com.hundsun.jrescloud.rpc.def.filter.RpcResultWrapper.invoke(RpcResultWrapper.java:74)
	at com.alibaba.dubbo.rpc.protocol.ProtocolFilterWrapper$1.invoke(ProtocolFilterWrapper.java:117)
	at com.hundsun.jrescloud.rpc.def.monitor.filter.MonitorProviderFilter.invoke(MonitorProviderFilter.java:69)
	at com.alibaba.dubbo.rpc.protocol.ProtocolFilterWrapper$1.invoke(ProtocolFilterWrapper.java:117)
	at com.hundsun.jrescloud.rpc.def.bodyinfo.BodyInfoProviderFilter.invoke(BodyInfoProviderFilter.java:59)
	at com.alibaba.dubbo.rpc.protocol.ProtocolFilterWrapper$1.invoke(ProtocolFilterWrapper.java:117)
	at com.hundsun.jrescloud.rpc.def.log.LogContextFilter.invoke(LogContextFilter.java:31)
	at com.alibaba.dubbo.rpc.protocol.ProtocolFilterWrapper$1.invoke(ProtocolFilterWrapper.java:117)
	at com.hundsun.jrescloud.rpc.def.trace.TraceProviderFilter.invoke(TraceProviderFilter.java:156)
	at com.alibaba.dubbo.rpc.protocol.ProtocolFilterWrapper$1.invoke(ProtocolFilterWrapper.java:117)
	at com.alibaba.dubbo.rpc.protocol.t3.T3Protocol$1.reply(T3Protocol.java:171)
	at com.alibaba.dubbo.remoting.exchange.support.header.HeaderExchangeHandler.handleRequest(HeaderExchangeHandler.java:96)
	at com.alibaba.dubbo.remoting.exchange.support.header.HeaderExchangeHandler.received(HeaderExchangeHandler.java:186)
	at com.alibaba.dubbo.remoting.transport.DecodeHandler.received(DecodeHandler.java:53)
	at com.alibaba.dubbo.remoting.transport.dispatcher.ChannelEventRunnable.run(ChannelEventRunnable.java:83)
	at java.util.concurrent.ThreadPoolExecutor.runWorker(ThreadPoolExecutor.java:1149)
	at java.util.concurrent.ThreadPoolExecutor$Worker.run(ThreadPoolExecutor.java:624)
	at java.lang.Thread.run(Thread.java:748)

"}}
{"type":"5","info":["","","","","2022-05-10 16:50:17.757","userManage-client","192.168.56.1","1","","","com.fundtrans.userManage.service.UserService.findById","jres-svr","","1"],"myPackage":{"error_no":"-1","error_info":"[-1][com.fundtrans.exception.GlobalException][originalError=null]","requestBody":""}}
{"type":"5","info":["20a6881df07343faa002cd801ee5bad223bbac49cfc25800","0","","","2022-05-10 17:05:49.474","userManage-server","192.168.56.1","1","","","com.fundtrans.userManage.service.UserService.findById","jres-svr","","4"],"myPackage":{"error_no":"-1","error_info":"","requestBody":"Nzc9MQAxMT0xADMzPXsicGF0aCI6bnVsbCwiaW50ZXJmYWNlIjoiY29tLmZ1 bmR0cmFucy51c2VyTWFuYWdlLnNlcnZpY2UuVXNlclNlcnZpY2UiLCJ2ZXJz aW9uIjoidiIsInRpbWVvdXQiOiIzMDAwMCIsImdyb3VwIjoiZnVuZF90cmFu cyJ9ADEzPTgAMTQ9MTYAMzc9MwA1PQA3NT1wdWJsaWMgYWJzdHJhY3QgY29t LmZ1bmR0cmFucy52by5SZXNwQmVhbiBjb20uZnVuZHRyYW5zLnVzZXJNYW5h Z2Uuc2VydmljZS5Vc2VyU2VydmljZS5maW5kQnlJZChqYXZhLmxhbmcuU3Ry aW5nKQAyPTMAMjM9ZnVuZF90cmFucwB1c2VyTWFuYWdlLXNlcnZlcgB2ADE9 MTkAOD17InBhcmFtMCI6IjEyMzQ1NSJ9AA==","exceptionStack":"GlobalException(respBeanEnum=RespBeanEnum(code=500102, message=用户不存在))
	at com.funtrans.userManage.server.serviceImpl.UserServiceImpl.findById(UserServiceImpl.java:35)
	at com.alibaba.dubbo.common.bytecode.Wrapper0.invokeMethod(Wrapper0.java)
	at com.alibaba.dubbo.rpc.proxy.javassist.JavassistProxyFactory$1.doInvoke(JavassistProxyFactory.java:51)
	at com.alibaba.dubbo.rpc.proxy.AbstractProxyInvoker.invoke(AbstractProxyInvoker.java:77)
	at com.alibaba.dubbo.rpc.protocol.InvokerWrapper.invoke(InvokerWrapper.java:57)
	at com.alibaba.dubbo.rpc.filter.ExceptionFilter.invoke(ExceptionFilter.java:62)
	at com.alibaba.dubbo.rpc.protocol.ProtocolFilterWrapper$1.invoke(ProtocolFilterWrapper.java:117)
	at com.alibaba.dubbo.rpc.filter.TimeoutFilter.invoke(TimeoutFilter.java:43)
	at com.alibaba.dubbo.rpc.protocol.ProtocolFilterWrapper$1.invoke(ProtocolFilterWrapper.java:117)
	at com.alibaba.dubbo.rpc.protocol.dubbo.filter.TraceFilter.invoke(TraceFilter.java:79)
	at com.alibaba.dubbo.rpc.protocol.ProtocolFilterWrapper$1.invoke(ProtocolFilterWrapper.java:117)
	at com.alibaba.dubbo.monitor.support.MonitorFilter.invoke(MonitorFilter.java:76)
	at com.alibaba.dubbo.rpc.protocol.ProtocolFilterWrapper$1.invoke(ProtocolFilterWrapper.java:117)
	at com.hundsun.jrescloud.rpc.def.manager.filter.DebugProviderFilter.invoke(DebugProviderFilter.java:103)
	at com.alibaba.dubbo.rpc.protocol.ProtocolFilterWrapper$1.invoke(ProtocolFilterWrapper.java:117)
	at com.alibaba.dubbo.rpc.filter.ContextFilter.invoke(ContextFilter.java:87)
	at com.alibaba.dubbo.rpc.protocol.ProtocolFilterWrapper$1.invoke(ProtocolFilterWrapper.java:117)
	at com.alibaba.dubbo.rpc.filter.GenericFilter.invoke(GenericFilter.java:155)
	at com.alibaba.dubbo.rpc.protocol.ProtocolFilterWrapper$1.invoke(ProtocolFilterWrapper.java:117)
	at com.alibaba.dubbo.rpc.filter.ClassLoaderFilter.invoke(ClassLoaderFilter.java:39)
	at com.alibaba.dubbo.rpc.protocol.ProtocolFilterWrapper$1.invoke(ProtocolFilterWrapper.java:117)
	at com.alibaba.dubbo.rpc.filter.EchoFilter.invoke(EchoFilter.java:40)
	at com.alibaba.dubbo.rpc.protocol.ProtocolFilterWrapper$1.invoke(ProtocolFilterWrapper.java:117)
	at com.hundsun.jrescloud.rpc.def.filter.RpcResultWrapper.invoke(RpcResultWrapper.java:74)
	at com.alibaba.dubbo.rpc.protocol.ProtocolFilterWrapper$1.invoke(ProtocolFilterWrapper.java:117)
	at com.hundsun.jrescloud.rpc.def.monitor.filter.MonitorProviderFilter.invoke(MonitorProviderFilter.java:69)
	at com.alibaba.dubbo.rpc.protocol.ProtocolFilterWrapper$1.invoke(ProtocolFilterWrapper.java:117)
	at com.hundsun.jrescloud.rpc.def.bodyinfo.BodyInfoProviderFilter.invoke(BodyInfoProviderFilter.java:59)
	at com.alibaba.dubbo.rpc.protocol.ProtocolFilterWrapper$1.invoke(ProtocolFilterWrapper.java:117)
	at com.hundsun.jrescloud.rpc.def.log.LogContextFilter.invoke(LogContextFilter.java:31)
	at com.alibaba.dubbo.rpc.protocol.ProtocolFilterWrapper$1.invoke(ProtocolFilterWrapper.java:117)
	at com.hundsun.jrescloud.rpc.def.trace.TraceProviderFilter.invoke(TraceProviderFilter.java:156)
	at com.alibaba.dubbo.rpc.protocol.ProtocolFilterWrapper$1.invoke(ProtocolFilterWrapper.java:117)
	at com.alibaba.dubbo.rpc.protocol.t3.T3Protocol$1.reply(T3Protocol.java:171)
	at com.alibaba.dubbo.remoting.exchange.support.header.HeaderExchangeHandler.handleRequest(HeaderExchangeHandler.java:96)
	at com.alibaba.dubbo.remoting.exchange.support.header.HeaderExchangeHandler.received(HeaderExchangeHandler.java:186)
	at com.alibaba.dubbo.remoting.transport.DecodeHandler.received(DecodeHandler.java:53)
	at com.alibaba.dubbo.remoting.transport.dispatcher.ChannelEventRunnable.run(ChannelEventRunnable.java:83)
	at java.util.concurrent.ThreadPoolExecutor.runWorker(ThreadPoolExecutor.java:1149)
	at java.util.concurrent.ThreadPoolExecutor$Worker.run(ThreadPoolExecutor.java:624)
	at java.lang.Thread.run(Thread.java:748)

"}}
{"type":"5","info":["","","","","2022-05-10 17:05:49.536","userManage-client","192.168.56.1","1","","","com.fundtrans.userManage.service.UserService.findById","jres-svr","","4"],"myPackage":{"error_no":"-1","error_info":"[-1][com.fundtrans.exception.GlobalException][originalError=null]","requestBody":""}}
{"type":"5","info":["d6730ed9adfd4ba5a8e3e1d6d524979474f2cace47025800","0","","","2022-05-10 17:14:43.740","userManage-server","192.168.56.1","1","","","com.fundtrans.userManage.service.UserService.findById","jres-svr","","4"],"myPackage":{"error_no":"-1","error_info":"","requestBody":"Nzc9MQAxMT0xADMzPXsicGF0aCI6bnVsbCwiaW50ZXJmYWNlIjoiY29tLmZ1 bmR0cmFucy51c2VyTWFuYWdlLnNlcnZpY2UuVXNlclNlcnZpY2UiLCJ2ZXJz aW9uIjoidiIsInRpbWVvdXQiOiIzMDAwMCIsImdyb3VwIjoiZnVuZF90cmFu cyJ9ADEzPTgAMTQ9MTYAMzc9MwA1PQA3NT1wdWJsaWMgYWJzdHJhY3QgY29t LmZ1bmR0cmFucy52by5SZXNwQmVhbiBjb20uZnVuZHRyYW5zLnVzZXJNYW5h Z2Uuc2VydmljZS5Vc2VyU2VydmljZS5maW5kQnlJZChqYXZhLmxhbmcuU3Ry aW5nKQAyPTMAMjM9ZnVuZF90cmFucwB1c2VyTWFuYWdlLXNlcnZlcgB2ADE9 MTkAOD17InBhcmFtMCI6IjEyMzQ1NSJ9AA==","exceptionStack":"GlobalException(respBeanEnum=RespBeanEnum(code=500102, message=用户不存在))
	at com.funtrans.userManage.server.serviceImpl.UserServiceImpl.findById(UserServiceImpl.java:35)
	at com.alibaba.dubbo.common.bytecode.Wrapper0.invokeMethod(Wrapper0.java)
	at com.alibaba.dubbo.rpc.proxy.javassist.JavassistProxyFactory$1.doInvoke(JavassistProxyFactory.java:51)
	at com.alibaba.dubbo.rpc.proxy.AbstractProxyInvoker.invoke(AbstractProxyInvoker.java:77)
	at com.alibaba.dubbo.rpc.protocol.InvokerWrapper.invoke(InvokerWrapper.java:57)
	at com.alibaba.dubbo.rpc.filter.ExceptionFilter.invoke(ExceptionFilter.java:62)
	at com.alibaba.dubbo.rpc.protocol.ProtocolFilterWrapper$1.invoke(ProtocolFilterWrapper.java:117)
	at com.alibaba.dubbo.rpc.filter.TimeoutFilter.invoke(TimeoutFilter.java:43)
	at com.alibaba.dubbo.rpc.protocol.ProtocolFilterWrapper$1.invoke(ProtocolFilterWrapper.java:117)
	at com.alibaba.dubbo.rpc.protocol.dubbo.filter.TraceFilter.invoke(TraceFilter.java:79)
	at com.alibaba.dubbo.rpc.protocol.ProtocolFilterWrapper$1.invoke(ProtocolFilterWrapper.java:117)
	at com.alibaba.dubbo.monitor.support.MonitorFilter.invoke(MonitorFilter.java:76)
	at com.alibaba.dubbo.rpc.protocol.ProtocolFilterWrapper$1.invoke(ProtocolFilterWrapper.java:117)
	at com.hundsun.jrescloud.rpc.def.manager.filter.DebugProviderFilter.invoke(DebugProviderFilter.java:103)
	at com.alibaba.dubbo.rpc.protocol.ProtocolFilterWrapper$1.invoke(ProtocolFilterWrapper.java:117)
	at com.alibaba.dubbo.rpc.filter.ContextFilter.invoke(ContextFilter.java:87)
	at com.alibaba.dubbo.rpc.protocol.ProtocolFilterWrapper$1.invoke(ProtocolFilterWrapper.java:117)
	at com.alibaba.dubbo.rpc.filter.GenericFilter.invoke(GenericFilter.java:155)
	at com.alibaba.dubbo.rpc.protocol.ProtocolFilterWrapper$1.invoke(ProtocolFilterWrapper.java:117)
	at com.alibaba.dubbo.rpc.filter.ClassLoaderFilter.invoke(ClassLoaderFilter.java:39)
	at com.alibaba.dubbo.rpc.protocol.ProtocolFilterWrapper$1.invoke(ProtocolFilterWrapper.java:117)
	at com.alibaba.dubbo.rpc.filter.EchoFilter.invoke(EchoFilter.java:40)
	at com.alibaba.dubbo.rpc.protocol.ProtocolFilterWrapper$1.invoke(ProtocolFilterWrapper.java:117)
	at com.hundsun.jrescloud.rpc.def.filter.RpcResultWrapper.invoke(RpcResultWrapper.java:74)
	at com.alibaba.dubbo.rpc.protocol.ProtocolFilterWrapper$1.invoke(ProtocolFilterWrapper.java:117)
	at com.hundsun.jrescloud.rpc.def.monitor.filter.MonitorProviderFilter.invoke(MonitorProviderFilter.java:69)
	at com.alibaba.dubbo.rpc.protocol.ProtocolFilterWrapper$1.invoke(ProtocolFilterWrapper.java:117)
	at com.hundsun.jrescloud.rpc.def.bodyinfo.BodyInfoProviderFilter.invoke(BodyInfoProviderFilter.java:59)
	at com.alibaba.dubbo.rpc.protocol.ProtocolFilterWrapper$1.invoke(ProtocolFilterWrapper.java:117)
	at com.hundsun.jrescloud.rpc.def.log.LogContextFilter.invoke(LogContextFilter.java:31)
	at com.alibaba.dubbo.rpc.protocol.ProtocolFilterWrapper$1.invoke(ProtocolFilterWrapper.java:117)
	at com.hundsun.jrescloud.rpc.def.trace.TraceProviderFilter.invoke(TraceProviderFilter.java:156)
	at com.alibaba.dubbo.rpc.protocol.ProtocolFilterWrapper$1.invoke(ProtocolFilterWrapper.java:117)
	at com.alibaba.dubbo.rpc.protocol.t3.T3Protocol$1.reply(T3Protocol.java:171)
	at com.alibaba.dubbo.remoting.exchange.support.header.HeaderExchangeHandler.handleRequest(HeaderExchangeHandler.java:96)
	at com.alibaba.dubbo.remoting.exchange.support.header.HeaderExchangeHandler.received(HeaderExchangeHandler.java:186)
	at com.alibaba.dubbo.remoting.transport.DecodeHandler.received(DecodeHandler.java:53)
	at com.alibaba.dubbo.remoting.transport.dispatcher.ChannelEventRunnable.run(ChannelEventRunnable.java:83)
	at java.util.concurrent.ThreadPoolExecutor.runWorker(ThreadPoolExecutor.java:1149)
	at java.util.concurrent.ThreadPoolExecutor$Worker.run(ThreadPoolExecutor.java:624)
	at java.lang.Thread.run(Thread.java:748)

"}}
{"type":"5","info":["","","","","2022-05-10 17:14:43.805","userManage-client","192.168.56.1","1","","","com.fundtrans.userManage.service.UserService.findById","jres-svr","","4"],"myPackage":{"error_no":"-1","error_info":"[-1][com.fundtrans.exception.GlobalException][originalError=null]","requestBody":""}}
{"type":"5","info":["2ac4197899a9474f986d68178c3875af05a4c3074da0b400","0","","","2022-05-10 17:14:45.640","userManage-server","192.168.56.1","1","","","com.fundtrans.userManage.service.UserService.findById","jres-svr","","4"],"myPackage":{"error_no":"-1","error_info":"","requestBody":"Nzc9MQAxMT0yADMzPXsicGF0aCI6bnVsbCwiaW50ZXJmYWNlIjoiY29tLmZ1 bmR0cmFucy51c2VyTWFuYWdlLnNlcnZpY2UuVXNlclNlcnZpY2UiLCJ2ZXJz aW9uIjoidiIsInRpbWVvdXQiOiIzMDAwMCIsImdyb3VwIjoiZnVuZF90cmFu cyJ9ADEzPTgAMTQ9MTYAMzc9MwA1PQA3NT1wdWJsaWMgYWJzdHJhY3QgY29t LmZ1bmR0cmFucy52by5SZXNwQmVhbiBjb20uZnVuZHRyYW5zLnVzZXJNYW5h Z2Uuc2VydmljZS5Vc2VyU2VydmljZS5maW5kQnlJZChqYXZhLmxhbmcuU3Ry aW5nKQAyPTMAMjM9ZnVuZF90cmFucwB1c2VyTWFuYWdlLXNlcnZlcgB2ADE9 MTkAOD17InBhcmFtMCI6IjEyMzQ1NSJ9AA==","exceptionStack":"GlobalException(respBeanEnum=RespBeanEnum(code=500102, message=用户不存在))
	at com.funtrans.userManage.server.serviceImpl.UserServiceImpl.findById(UserServiceImpl.java:35)
	at com.alibaba.dubbo.common.bytecode.Wrapper0.invokeMethod(Wrapper0.java)
	at com.alibaba.dubbo.rpc.proxy.javassist.JavassistProxyFactory$1.doInvoke(JavassistProxyFactory.java:51)
	at com.alibaba.dubbo.rpc.proxy.AbstractProxyInvoker.invoke(AbstractProxyInvoker.java:77)
	at com.alibaba.dubbo.rpc.protocol.InvokerWrapper.invoke(InvokerWrapper.java:57)
	at com.alibaba.dubbo.rpc.filter.ExceptionFilter.invoke(ExceptionFilter.java:62)
	at com.alibaba.dubbo.rpc.protocol.ProtocolFilterWrapper$1.invoke(ProtocolFilterWrapper.java:117)
	at com.alibaba.dubbo.rpc.filter.TimeoutFilter.invoke(TimeoutFilter.java:43)
	at com.alibaba.dubbo.rpc.protocol.ProtocolFilterWrapper$1.invoke(ProtocolFilterWrapper.java:117)
	at com.alibaba.dubbo.rpc.protocol.dubbo.filter.TraceFilter.invoke(TraceFilter.java:79)
	at com.alibaba.dubbo.rpc.protocol.ProtocolFilterWrapper$1.invoke(ProtocolFilterWrapper.java:117)
	at com.alibaba.dubbo.monitor.support.MonitorFilter.invoke(MonitorFilter.java:76)
	at com.alibaba.dubbo.rpc.protocol.ProtocolFilterWrapper$1.invoke(ProtocolFilterWrapper.java:117)
	at com.hundsun.jrescloud.rpc.def.manager.filter.DebugProviderFilter.invoke(DebugProviderFilter.java:103)
	at com.alibaba.dubbo.rpc.protocol.ProtocolFilterWrapper$1.invoke(ProtocolFilterWrapper.java:117)
	at com.alibaba.dubbo.rpc.filter.ContextFilter.invoke(ContextFilter.java:87)
	at com.alibaba.dubbo.rpc.protocol.ProtocolFilterWrapper$1.invoke(ProtocolFilterWrapper.java:117)
	at com.alibaba.dubbo.rpc.filter.GenericFilter.invoke(GenericFilter.java:155)
	at com.alibaba.dubbo.rpc.protocol.ProtocolFilterWrapper$1.invoke(ProtocolFilterWrapper.java:117)
	at com.alibaba.dubbo.rpc.filter.ClassLoaderFilter.invoke(ClassLoaderFilter.java:39)
	at com.alibaba.dubbo.rpc.protocol.ProtocolFilterWrapper$1.invoke(ProtocolFilterWrapper.java:117)
	at com.alibaba.dubbo.rpc.filter.EchoFilter.invoke(EchoFilter.java:40)
	at com.alibaba.dubbo.rpc.protocol.ProtocolFilterWrapper$1.invoke(ProtocolFilterWrapper.java:117)
	at com.hundsun.jrescloud.rpc.def.filter.RpcResultWrapper.invoke(RpcResultWrapper.java:74)
	at com.alibaba.dubbo.rpc.protocol.ProtocolFilterWrapper$1.invoke(ProtocolFilterWrapper.java:117)
	at com.hundsun.jrescloud.rpc.def.monitor.filter.MonitorProviderFilter.invoke(MonitorProviderFilter.java:69)
	at com.alibaba.dubbo.rpc.protocol.ProtocolFilterWrapper$1.invoke(ProtocolFilterWrapper.java:117)
	at com.hundsun.jrescloud.rpc.def.bodyinfo.BodyInfoProviderFilter.invoke(BodyInfoProviderFilter.java:59)
	at com.alibaba.dubbo.rpc.protocol.ProtocolFilterWrapper$1.invoke(ProtocolFilterWrapper.java:117)
	at com.hundsun.jrescloud.rpc.def.log.LogContextFilter.invoke(LogContextFilter.java:31)
	at com.alibaba.dubbo.rpc.protocol.ProtocolFilterWrapper$1.invoke(ProtocolFilterWrapper.java:117)
	at com.hundsun.jrescloud.rpc.def.trace.TraceProviderFilter.invoke(TraceProviderFilter.java:156)
	at com.alibaba.dubbo.rpc.protocol.ProtocolFilterWrapper$1.invoke(ProtocolFilterWrapper.java:117)
	at com.alibaba.dubbo.rpc.protocol.t3.T3Protocol$1.reply(T3Protocol.java:171)
	at com.alibaba.dubbo.remoting.exchange.support.header.HeaderExchangeHandler.handleRequest(HeaderExchangeHandler.java:96)
	at com.alibaba.dubbo.remoting.exchange.support.header.HeaderExchangeHandler.received(HeaderExchangeHandler.java:186)
	at com.alibaba.dubbo.remoting.transport.DecodeHandler.received(DecodeHandler.java:53)
	at com.alibaba.dubbo.remoting.transport.dispatcher.ChannelEventRunnable.run(ChannelEventRunnable.java:83)
	at java.util.concurrent.ThreadPoolExecutor.runWorker(ThreadPoolExecutor.java:1149)
	at java.util.concurrent.ThreadPoolExecutor$Worker.run(ThreadPoolExecutor.java:624)
	at java.lang.Thread.run(Thread.java:748)

"}}
{"type":"5","info":["","","","","2022-05-10 17:14:45.643","userManage-client","192.168.56.1","1","","","com.fundtrans.userManage.service.UserService.findById","jres-svr","","1"],"myPackage":{"error_no":"-1","error_info":"[-1][com.fundtrans.exception.GlobalException][originalError=null]","requestBody":""}}
{"type":"5","info":["4f584a0de4d645aeaca797010fb4c425735e80378eee2000","0","","","2022-05-10 17:18:42.221","userManage-server","192.168.56.1","1","","","com.fundtrans.userManage.service.UserService.findById","jres-svr","","4"],"myPackage":{"error_no":"500102","error_info":"[500102][用户不存在]","requestBody":"Nzc9MQAxMT0xADMzPXsicGF0aCI6bnVsbCwiaW50ZXJmYWNlIjoiY29tLmZ1 bmR0cmFucy51c2VyTWFuYWdlLnNlcnZpY2UuVXNlclNlcnZpY2UiLCJ2ZXJz aW9uIjoidiIsInRpbWVvdXQiOiIzMDAwMCIsImdyb3VwIjoiZnVuZF90cmFu cyJ9ADEzPTgAMTQ9MTYAMzc9MwA1PQA3NT1wdWJsaWMgYWJzdHJhY3QgY29t LmZ1bmR0cmFucy52by5SZXNwQmVhbiBjb20uZnVuZHRyYW5zLnVzZXJNYW5h Z2Uuc2VydmljZS5Vc2VyU2VydmljZS5maW5kQnlJZChqYXZhLmxhbmcuU3Ry aW5nKQAyPTMAMjM9ZnVuZF90cmFucwB1c2VyTWFuYWdlLXNlcnZlcgB2ADE9 MTkAOD17InBhcmFtMCI6IjEyMzQ1NSJ9AA==","exceptionStack":"com.hundsun.jrescloud.common.exception.BaseBizException: [500102][用户不存在]
	at com.funtrans.userManage.server.serviceImpl.UserServiceImpl.findById(UserServiceImpl.java:36)
	at com.alibaba.dubbo.common.bytecode.Wrapper0.invokeMethod(Wrapper0.java)
	at com.alibaba.dubbo.rpc.proxy.javassist.JavassistProxyFactory$1.doInvoke(JavassistProxyFactory.java:51)
	at com.alibaba.dubbo.rpc.proxy.AbstractProxyInvoker.invoke(AbstractProxyInvoker.java:77)
	at com.alibaba.dubbo.rpc.protocol.InvokerWrapper.invoke(InvokerWrapper.java:57)
	at com.alibaba.dubbo.rpc.filter.ExceptionFilter.invoke(ExceptionFilter.java:62)
	at com.alibaba.dubbo.rpc.protocol.ProtocolFilterWrapper$1.invoke(ProtocolFilterWrapper.java:117)
	at com.alibaba.dubbo.rpc.filter.TimeoutFilter.invoke(TimeoutFilter.java:43)
	at com.alibaba.dubbo.rpc.protocol.ProtocolFilterWrapper$1.invoke(ProtocolFilterWrapper.java:117)
	at com.alibaba.dubbo.rpc.protocol.dubbo.filter.TraceFilter.invoke(TraceFilter.java:79)
	at com.alibaba.dubbo.rpc.protocol.ProtocolFilterWrapper$1.invoke(ProtocolFilterWrapper.java:117)
	at com.alibaba.dubbo.monitor.support.MonitorFilter.invoke(MonitorFilter.java:76)
	at com.alibaba.dubbo.rpc.protocol.ProtocolFilterWrapper$1.invoke(ProtocolFilterWrapper.java:117)
	at com.hundsun.jrescloud.rpc.def.manager.filter.DebugProviderFilter.invoke(DebugProviderFilter.java:103)
	at com.alibaba.dubbo.rpc.protocol.ProtocolFilterWrapper$1.invoke(ProtocolFilterWrapper.java:117)
	at com.alibaba.dubbo.rpc.filter.ContextFilter.invoke(ContextFilter.java:87)
	at com.alibaba.dubbo.rpc.protocol.ProtocolFilterWrapper$1.invoke(ProtocolFilterWrapper.java:117)
	at com.alibaba.dubbo.rpc.filter.GenericFilter.invoke(GenericFilter.java:155)
	at com.alibaba.dubbo.rpc.protocol.ProtocolFilterWrapper$1.invoke(ProtocolFilterWrapper.java:117)
	at com.alibaba.dubbo.rpc.filter.ClassLoaderFilter.invoke(ClassLoaderFilter.java:39)
	at com.alibaba.dubbo.rpc.protocol.ProtocolFilterWrapper$1.invoke(ProtocolFilterWrapper.java:117)
	at com.alibaba.dubbo.rpc.filter.EchoFilter.invoke(EchoFilter.java:40)
	at com.alibaba.dubbo.rpc.protocol.ProtocolFilterWrapper$1.invoke(ProtocolFilterWrapper.java:117)
	at com.hundsun.jrescloud.rpc.def.filter.RpcResultWrapper.invoke(RpcResultWrapper.java:74)
	at com.alibaba.dubbo.rpc.protocol.ProtocolFilterWrapper$1.invoke(ProtocolFilterWrapper.java:117)
	at com.hundsun.jrescloud.rpc.def.monitor.filter.MonitorProviderFilter.invoke(MonitorProviderFilter.java:69)
	at com.alibaba.dubbo.rpc.protocol.ProtocolFilterWrapper$1.invoke(ProtocolFilterWrapper.java:117)
	at com.hundsun.jrescloud.rpc.def.bodyinfo.BodyInfoProviderFilter.invoke(BodyInfoProviderFilter.java:59)
	at com.alibaba.dubbo.rpc.protocol.ProtocolFilterWrapper$1.invoke(ProtocolFilterWrapper.java:117)
	at com.hundsun.jrescloud.rpc.def.log.LogContextFilter.invoke(LogContextFilter.java:31)
	at com.alibaba.dubbo.rpc.protocol.ProtocolFilterWrapper$1.invoke(ProtocolFilterWrapper.java:117)
	at com.hundsun.jrescloud.rpc.def.trace.TraceProviderFilter.invoke(TraceProviderFilter.java:156)
	at com.alibaba.dubbo.rpc.protocol.ProtocolFilterWrapper$1.invoke(ProtocolFilterWrapper.java:117)
	at com.alibaba.dubbo.rpc.protocol.t3.T3Protocol$1.reply(T3Protocol.java:171)
	at com.alibaba.dubbo.remoting.exchange.support.header.HeaderExchangeHandler.handleRequest(HeaderExchangeHandler.java:96)
	at com.alibaba.dubbo.remoting.exchange.support.header.HeaderExchangeHandler.received(HeaderExchangeHandler.java:186)
	at com.alibaba.dubbo.remoting.transport.DecodeHandler.received(DecodeHandler.java:53)
	at com.alibaba.dubbo.remoting.transport.dispatcher.ChannelEventRunnable.run(ChannelEventRunnable.java:83)
	at java.util.concurrent.ThreadPoolExecutor.runWorker(ThreadPoolExecutor.java:1149)
	at java.util.concurrent.ThreadPoolExecutor$Worker.run(ThreadPoolExecutor.java:624)
	at java.lang.Thread.run(Thread.java:748)

"}}
{"type":"5","info":["","","","","2022-05-10 17:18:42.284","userManage-client","192.168.56.1","1","","","com.fundtrans.userManage.service.UserService.findById","jres-svr","","4"],"myPackage":{"error_no":"500102","error_info":"[500102][用户不存在]","requestBody":""}}
{"type":"5","info":["717f72bf8d414e9d9bb6d34418b1d83d26b40874b080c400","0","","","2022-05-10 17:28:46.843","userManage-server","192.168.56.1","1","","","com.fundtrans.userManage.service.UserService.findById","jres-svr","","4"],"myPackage":{"error_no":"100200","error_info":"[100200][用户不存在]","requestBody":"Nzc9MQAxMT02ADMzPXsicGF0aCI6bnVsbCwiaW50ZXJmYWNlIjoiY29tLmZ1 bmR0cmFucy51c2VyTWFuYWdlLnNlcnZpY2UuVXNlclNlcnZpY2UiLCJ2ZXJz aW9uIjoidiIsInRpbWVvdXQiOiIzMDAwMCIsImdyb3VwIjoiZnVuZF90cmFu cyJ9ADEzPTgAMTQ9MTYAMzc9MwA1PQA3NT1wdWJsaWMgYWJzdHJhY3QgY29t LmZ1bmR0cmFucy52by5SZXNwQmVhbiBjb20uZnVuZHRyYW5zLnVzZXJNYW5h Z2Uuc2VydmljZS5Vc2VyU2VydmljZS5maW5kQnlJZChqYXZhLmxhbmcuU3Ry aW5nKQAyPTMAMjM9ZnVuZF90cmFucwB1c2VyTWFuYWdlLXNlcnZlcgB2ADE9 MTkAOD17InBhcmFtMCI6IjEyMzQ1NSJ9AA==","exceptionStack":"com.hundsun.jrescloud.common.exception.BaseBizException: [100200][用户不存在]
	at com.funtrans.userManage.server.serviceImpl.UserServiceImpl.findById(UserServiceImpl.java:37)
	at com.alibaba.dubbo.common.bytecode.Wrapper0.invokeMethod(Wrapper0.java)
	at com.alibaba.dubbo.rpc.proxy.javassist.JavassistProxyFactory$1.doInvoke(JavassistProxyFactory.java:51)
	at com.alibaba.dubbo.rpc.proxy.AbstractProxyInvoker.invoke(AbstractProxyInvoker.java:77)
	at com.alibaba.dubbo.rpc.protocol.InvokerWrapper.invoke(InvokerWrapper.java:57)
	at com.alibaba.dubbo.rpc.filter.ExceptionFilter.invoke(ExceptionFilter.java:62)
	at com.alibaba.dubbo.rpc.protocol.ProtocolFilterWrapper$1.invoke(ProtocolFilterWrapper.java:117)
	at com.alibaba.dubbo.rpc.filter.TimeoutFilter.invoke(TimeoutFilter.java:43)
	at com.alibaba.dubbo.rpc.protocol.ProtocolFilterWrapper$1.invoke(ProtocolFilterWrapper.java:117)
	at com.alibaba.dubbo.rpc.protocol.dubbo.filter.TraceFilter.invoke(TraceFilter.java:79)
	at com.alibaba.dubbo.rpc.protocol.ProtocolFilterWrapper$1.invoke(ProtocolFilterWrapper.java:117)
	at com.alibaba.dubbo.monitor.support.MonitorFilter.invoke(MonitorFilter.java:76)
	at com.alibaba.dubbo.rpc.protocol.ProtocolFilterWrapper$1.invoke(ProtocolFilterWrapper.java:117)
	at com.hundsun.jrescloud.rpc.def.manager.filter.DebugProviderFilter.invoke(DebugProviderFilter.java:103)
	at com.alibaba.dubbo.rpc.protocol.ProtocolFilterWrapper$1.invoke(ProtocolFilterWrapper.java:117)
	at com.alibaba.dubbo.rpc.filter.ContextFilter.invoke(ContextFilter.java:87)
	at com.alibaba.dubbo.rpc.protocol.ProtocolFilterWrapper$1.invoke(ProtocolFilterWrapper.java:117)
	at com.alibaba.dubbo.rpc.filter.GenericFilter.invoke(GenericFilter.java:155)
	at com.alibaba.dubbo.rpc.protocol.ProtocolFilterWrapper$1.invoke(ProtocolFilterWrapper.java:117)
	at com.alibaba.dubbo.rpc.filter.ClassLoaderFilter.invoke(ClassLoaderFilter.java:39)
	at com.alibaba.dubbo.rpc.protocol.ProtocolFilterWrapper$1.invoke(ProtocolFilterWrapper.java:117)
	at com.alibaba.dubbo.rpc.filter.EchoFilter.invoke(EchoFilter.java:40)
	at com.alibaba.dubbo.rpc.protocol.ProtocolFilterWrapper$1.invoke(ProtocolFilterWrapper.java:117)
	at com.hundsun.jrescloud.rpc.def.filter.RpcResultWrapper.invoke(RpcResultWrapper.java:74)
	at com.alibaba.dubbo.rpc.protocol.ProtocolFilterWrapper$1.invoke(ProtocolFilterWrapper.java:117)
	at com.hundsun.jrescloud.rpc.def.monitor.filter.MonitorProviderFilter.invoke(MonitorProviderFilter.java:69)
	at com.alibaba.dubbo.rpc.protocol.ProtocolFilterWrapper$1.invoke(ProtocolFilterWrapper.java:117)
	at com.hundsun.jrescloud.rpc.def.bodyinfo.BodyInfoProviderFilter.invoke(BodyInfoProviderFilter.java:59)
	at com.alibaba.dubbo.rpc.protocol.ProtocolFilterWrapper$1.invoke(ProtocolFilterWrapper.java:117)
	at com.hundsun.jrescloud.rpc.def.log.LogContextFilter.invoke(LogContextFilter.java:31)
	at com.alibaba.dubbo.rpc.protocol.ProtocolFilterWrapper$1.invoke(ProtocolFilterWrapper.java:117)
	at com.hundsun.jrescloud.rpc.def.trace.TraceProviderFilter.invoke(TraceProviderFilter.java:156)
	at com.alibaba.dubbo.rpc.protocol.ProtocolFilterWrapper$1.invoke(ProtocolFilterWrapper.java:117)
	at com.alibaba.dubbo.rpc.protocol.t3.T3Protocol$1.reply(T3Protocol.java:171)
	at com.alibaba.dubbo.remoting.exchange.support.header.HeaderExchangeHandler.handleRequest(HeaderExchangeHandler.java:96)
	at com.alibaba.dubbo.remoting.exchange.support.header.HeaderExchangeHandler.received(HeaderExchangeHandler.java:186)
	at com.alibaba.dubbo.remoting.transport.DecodeHandler.received(DecodeHandler.java:53)
	at com.alibaba.dubbo.remoting.transport.dispatcher.ChannelEventRunnable.run(ChannelEventRunnable.java:83)
	at java.util.concurrent.ThreadPoolExecutor.runWorker(ThreadPoolExecutor.java:1149)
	at java.util.concurrent.ThreadPoolExecutor$Worker.run(ThreadPoolExecutor.java:624)
	at java.lang.Thread.run(Thread.java:748)

"}}
{"type":"5","info":["","","","","2022-05-10 17:28:46.917","userManage-client","192.168.56.1","1","","","com.fundtrans.userManage.service.UserService.findById","jres-svr","","4"],"myPackage":{"error_no":"100200","error_info":"[100200][用户不存在]","requestBody":""}}
{"type":"5","info":["8d04a7ec2d2d479d94e168244cb7ea6d794a780b889f4400","0","","","2022-05-10 17:57:56.522","userManage-server","192.168.56.1","1","","","com.fundtrans.userManage.service.UserService.findById","jres-svr","","4"],"myPackage":{"error_no":"-1","error_info":"","requestBody":"Nzc9MQAxMT0xADMzPXsicGF0aCI6bnVsbCwiaW50ZXJmYWNlIjoiY29tLmZ1 bmR0cmFucy51c2VyTWFuYWdlLnNlcnZpY2UuVXNlclNlcnZpY2UiLCJ2ZXJz aW9uIjoidiIsInRpbWVvdXQiOiIzMDAwMCIsImdyb3VwIjoiZnVuZF90cmFu cyJ9ADEzPTgAMTQ9MTYAMzc9MwA1PQA3NT1wdWJsaWMgYWJzdHJhY3QgY29t LmZ1bmR0cmFucy52by5SZXNwQmVhbiBjb20uZnVuZHRyYW5zLnVzZXJNYW5h Z2Uuc2VydmljZS5Vc2VyU2VydmljZS5maW5kQnlJZChqYXZhLmxhbmcuU3Ry aW5nKQAyPTMAMjM9ZnVuZF90cmFucwB1c2VyTWFuYWdlLXNlcnZlcgB2ADE9 MTkAOD17InBhcmFtMCI6IjEyMzQ1NSJ9AA==","exceptionStack":"GlobalException(respBeanEnum=RespBeanEnum(code=500102, message=用户不存在))
	at com.funtrans.userManage.server.serviceImpl.UserServiceImpl.findById(UserServiceImpl.java:35)
	at com.alibaba.dubbo.common.bytecode.Wrapper0.invokeMethod(Wrapper0.java)
	at com.alibaba.dubbo.rpc.proxy.javassist.JavassistProxyFactory$1.doInvoke(JavassistProxyFactory.java:51)
	at com.alibaba.dubbo.rpc.proxy.AbstractProxyInvoker.invoke(AbstractProxyInvoker.java:77)
	at com.alibaba.dubbo.rpc.protocol.InvokerWrapper.invoke(InvokerWrapper.java:57)
	at com.alibaba.dubbo.rpc.filter.ExceptionFilter.invoke(ExceptionFilter.java:62)
	at com.alibaba.dubbo.rpc.protocol.ProtocolFilterWrapper$1.invoke(ProtocolFilterWrapper.java:117)
	at com.alibaba.dubbo.rpc.filter.TimeoutFilter.invoke(TimeoutFilter.java:43)
	at com.alibaba.dubbo.rpc.protocol.ProtocolFilterWrapper$1.invoke(ProtocolFilterWrapper.java:117)
	at com.alibaba.dubbo.rpc.protocol.dubbo.filter.TraceFilter.invoke(TraceFilter.java:79)
	at com.alibaba.dubbo.rpc.protocol.ProtocolFilterWrapper$1.invoke(ProtocolFilterWrapper.java:117)
	at com.alibaba.dubbo.monitor.support.MonitorFilter.invoke(MonitorFilter.java:76)
	at com.alibaba.dubbo.rpc.protocol.ProtocolFilterWrapper$1.invoke(ProtocolFilterWrapper.java:117)
	at com.hundsun.jrescloud.rpc.def.manager.filter.DebugProviderFilter.invoke(DebugProviderFilter.java:103)
	at com.alibaba.dubbo.rpc.protocol.ProtocolFilterWrapper$1.invoke(ProtocolFilterWrapper.java:117)
	at com.alibaba.dubbo.rpc.filter.ContextFilter.invoke(ContextFilter.java:87)
	at com.alibaba.dubbo.rpc.protocol.ProtocolFilterWrapper$1.invoke(ProtocolFilterWrapper.java:117)
	at com.alibaba.dubbo.rpc.filter.GenericFilter.invoke(GenericFilter.java:155)
	at com.alibaba.dubbo.rpc.protocol.ProtocolFilterWrapper$1.invoke(ProtocolFilterWrapper.java:117)
	at com.alibaba.dubbo.rpc.filter.ClassLoaderFilter.invoke(ClassLoaderFilter.java:39)
	at com.alibaba.dubbo.rpc.protocol.ProtocolFilterWrapper$1.invoke(ProtocolFilterWrapper.java:117)
	at com.alibaba.dubbo.rpc.filter.EchoFilter.invoke(EchoFilter.java:40)
	at com.alibaba.dubbo.rpc.protocol.ProtocolFilterWrapper$1.invoke(ProtocolFilterWrapper.java:117)
	at com.hundsun.jrescloud.rpc.def.filter.RpcResultWrapper.invoke(RpcResultWrapper.java:74)
	at com.alibaba.dubbo.rpc.protocol.ProtocolFilterWrapper$1.invoke(ProtocolFilterWrapper.java:117)
	at com.hundsun.jrescloud.rpc.def.monitor.filter.MonitorProviderFilter.invoke(MonitorProviderFilter.java:69)
	at com.alibaba.dubbo.rpc.protocol.ProtocolFilterWrapper$1.invoke(ProtocolFilterWrapper.java:117)
	at com.hundsun.jrescloud.rpc.def.bodyinfo.BodyInfoProviderFilter.invoke(BodyInfoProviderFilter.java:59)
	at com.alibaba.dubbo.rpc.protocol.ProtocolFilterWrapper$1.invoke(ProtocolFilterWrapper.java:117)
	at com.hundsun.jrescloud.rpc.def.log.LogContextFilter.invoke(LogContextFilter.java:31)
	at com.alibaba.dubbo.rpc.protocol.ProtocolFilterWrapper$1.invoke(ProtocolFilterWrapper.java:117)
	at com.hundsun.jrescloud.rpc.def.trace.TraceProviderFilter.invoke(TraceProviderFilter.java:156)
	at com.alibaba.dubbo.rpc.protocol.ProtocolFilterWrapper$1.invoke(ProtocolFilterWrapper.java:117)
	at com.alibaba.dubbo.rpc.protocol.t3.T3Protocol$1.reply(T3Protocol.java:171)
	at com.alibaba.dubbo.remoting.exchange.support.header.HeaderExchangeHandler.handleRequest(HeaderExchangeHandler.java:96)
	at com.alibaba.dubbo.remoting.exchange.support.header.HeaderExchangeHandler.received(HeaderExchangeHandler.java:186)
	at com.alibaba.dubbo.remoting.transport.DecodeHandler.received(DecodeHandler.java:53)
	at com.alibaba.dubbo.remoting.transport.dispatcher.ChannelEventRunnable.run(ChannelEventRunnable.java:83)
	at java.util.concurrent.ThreadPoolExecutor.runWorker(ThreadPoolExecutor.java:1149)
	at java.util.concurrent.ThreadPoolExecutor$Worker.run(ThreadPoolExecutor.java:624)
	at java.lang.Thread.run(Thread.java:748)

"}}
{"type":"5","info":["","","","","2022-05-10 17:57:56.585","userManage-client","192.168.56.1","1","","","com.fundtrans.userManage.service.UserService.findById","jres-svr","","4"],"myPackage":{"error_no":"-1","error_info":"[-1][com.fundtrans.exception.GlobalException][originalError=null]","requestBody":""}}
{"type":"5","info":["94c7217d3ffd4a1084aaa84b43ce1c7f70a3c83fb1a5ec00","0","","","2022-05-10 18:00:00.825","userManage-server","192.168.56.1","1","","","com.fundtrans.userManage.service.UserService.findById","jres-svr","","4"],"myPackage":{"error_no":"-1","error_info":"","requestBody":"Nzc9MQAxMT0xADMzPXsicGF0aCI6bnVsbCwiaW50ZXJmYWNlIjoiY29tLmZ1 bmR0cmFucy51c2VyTWFuYWdlLnNlcnZpY2UuVXNlclNlcnZpY2UiLCJ2ZXJz aW9uIjoidiIsInRpbWVvdXQiOiIzMDAwMCIsImdyb3VwIjoiZnVuZF90cmFu cyJ9ADEzPTgAMTQ9MTYAMzc9MwA1PQA3NT1wdWJsaWMgYWJzdHJhY3QgY29t LmZ1bmR0cmFucy52by5SZXNwQmVhbiBjb20uZnVuZHRyYW5zLnVzZXJNYW5h Z2Uuc2VydmljZS5Vc2VyU2VydmljZS5maW5kQnlJZChqYXZhLmxhbmcuU3Ry aW5nKQAyPTMAMjM9ZnVuZF90cmFucwB1c2VyTWFuYWdlLXNlcnZlcgB2ADE9 MTkAOD17InBhcmFtMCI6IjEyMzQ1NSJ9AA==","exceptionStack":"GlobalException(respBeanEnum=RespBeanEnum(code=500102, message=用户不存在))
	at com.funtrans.userManage.server.serviceImpl.UserServiceImpl.findById(UserServiceImpl.java:35)
	at com.alibaba.dubbo.common.bytecode.Wrapper0.invokeMethod(Wrapper0.java)
	at com.alibaba.dubbo.rpc.proxy.javassist.JavassistProxyFactory$1.doInvoke(JavassistProxyFactory.java:51)
	at com.alibaba.dubbo.rpc.proxy.AbstractProxyInvoker.invoke(AbstractProxyInvoker.java:77)
	at com.alibaba.dubbo.rpc.protocol.InvokerWrapper.invoke(InvokerWrapper.java:57)
	at com.alibaba.dubbo.rpc.filter.ExceptionFilter.invoke(ExceptionFilter.java:62)
	at com.alibaba.dubbo.rpc.protocol.ProtocolFilterWrapper$1.invoke(ProtocolFilterWrapper.java:117)
	at com.alibaba.dubbo.rpc.filter.TimeoutFilter.invoke(TimeoutFilter.java:43)
	at com.alibaba.dubbo.rpc.protocol.ProtocolFilterWrapper$1.invoke(ProtocolFilterWrapper.java:117)
	at com.alibaba.dubbo.rpc.protocol.dubbo.filter.TraceFilter.invoke(TraceFilter.java:79)
	at com.alibaba.dubbo.rpc.protocol.ProtocolFilterWrapper$1.invoke(ProtocolFilterWrapper.java:117)
	at com.alibaba.dubbo.monitor.support.MonitorFilter.invoke(MonitorFilter.java:76)
	at com.alibaba.dubbo.rpc.protocol.ProtocolFilterWrapper$1.invoke(ProtocolFilterWrapper.java:117)
	at com.hundsun.jrescloud.rpc.def.manager.filter.DebugProviderFilter.invoke(DebugProviderFilter.java:103)
	at com.alibaba.dubbo.rpc.protocol.ProtocolFilterWrapper$1.invoke(ProtocolFilterWrapper.java:117)
	at com.alibaba.dubbo.rpc.filter.ContextFilter.invoke(ContextFilter.java:87)
	at com.alibaba.dubbo.rpc.protocol.ProtocolFilterWrapper$1.invoke(ProtocolFilterWrapper.java:117)
	at com.alibaba.dubbo.rpc.filter.GenericFilter.invoke(GenericFilter.java:155)
	at com.alibaba.dubbo.rpc.protocol.ProtocolFilterWrapper$1.invoke(ProtocolFilterWrapper.java:117)
	at com.alibaba.dubbo.rpc.filter.ClassLoaderFilter.invoke(ClassLoaderFilter.java:39)
	at com.alibaba.dubbo.rpc.protocol.ProtocolFilterWrapper$1.invoke(ProtocolFilterWrapper.java:117)
	at com.alibaba.dubbo.rpc.filter.EchoFilter.invoke(EchoFilter.java:40)
	at com.alibaba.dubbo.rpc.protocol.ProtocolFilterWrapper$1.invoke(ProtocolFilterWrapper.java:117)
	at com.hundsun.jrescloud.rpc.def.filter.RpcResultWrapper.invoke(RpcResultWrapper.java:74)
	at com.alibaba.dubbo.rpc.protocol.ProtocolFilterWrapper$1.invoke(ProtocolFilterWrapper.java:117)
	at com.hundsun.jrescloud.rpc.def.monitor.filter.MonitorProviderFilter.invoke(MonitorProviderFilter.java:69)
	at com.alibaba.dubbo.rpc.protocol.ProtocolFilterWrapper$1.invoke(ProtocolFilterWrapper.java:117)
	at com.hundsun.jrescloud.rpc.def.bodyinfo.BodyInfoProviderFilter.invoke(BodyInfoProviderFilter.java:59)
	at com.alibaba.dubbo.rpc.protocol.ProtocolFilterWrapper$1.invoke(ProtocolFilterWrapper.java:117)
	at com.hundsun.jrescloud.rpc.def.log.LogContextFilter.invoke(LogContextFilter.java:31)
	at com.alibaba.dubbo.rpc.protocol.ProtocolFilterWrapper$1.invoke(ProtocolFilterWrapper.java:117)
	at com.hundsun.jrescloud.rpc.def.trace.TraceProviderFilter.invoke(TraceProviderFilter.java:156)
	at com.alibaba.dubbo.rpc.protocol.ProtocolFilterWrapper$1.invoke(ProtocolFilterWrapper.java:117)
	at com.alibaba.dubbo.rpc.protocol.t3.T3Protocol$1.reply(T3Protocol.java:171)
	at com.alibaba.dubbo.remoting.exchange.support.header.HeaderExchangeHandler.handleRequest(HeaderExchangeHandler.java:96)
	at com.alibaba.dubbo.remoting.exchange.support.header.HeaderExchangeHandler.received(HeaderExchangeHandler.java:186)
	at com.alibaba.dubbo.remoting.transport.DecodeHandler.received(DecodeHandler.java:53)
	at com.alibaba.dubbo.remoting.transport.dispatcher.ChannelEventRunnable.run(ChannelEventRunnable.java:83)
	at java.util.concurrent.ThreadPoolExecutor.runWorker(ThreadPoolExecutor.java:1149)
	at java.util.concurrent.ThreadPoolExecutor$Worker.run(ThreadPoolExecutor.java:624)
	at java.lang.Thread.run(Thread.java:748)

"}}
{"type":"5","info":["","","","","2022-05-10 18:00:00.895","userManage-client","192.168.56.1","1","","","com.fundtrans.userManage.service.UserService.findById","jres-svr","","4"],"myPackage":{"error_no":"-1","error_info":"[-1][com.fundtrans.exception.GlobalException][originalError=null]","requestBody":""}}
{"type":"5","info":["2c916aa4b120456c97e9c4ee2560b74a48b7b5fec91fc800","0","","","2022-05-10 18:00:02.614","userManage-server","192.168.56.1","1","","","com.fundtrans.userManage.service.UserService.findById","jres-svr","","4"],"myPackage":{"error_no":"-1","error_info":"","requestBody":"Nzc9MQAxMT0yADMzPXsicGF0aCI6bnVsbCwiaW50ZXJmYWNlIjoiY29tLmZ1 bmR0cmFucy51c2VyTWFuYWdlLnNlcnZpY2UuVXNlclNlcnZpY2UiLCJ2ZXJz aW9uIjoidiIsInRpbWVvdXQiOiIzMDAwMCIsImdyb3VwIjoiZnVuZF90cmFu cyJ9ADEzPTgAMTQ9MTYAMzc9MwA1PQA3NT1wdWJsaWMgYWJzdHJhY3QgY29t LmZ1bmR0cmFucy52by5SZXNwQmVhbiBjb20uZnVuZHRyYW5zLnVzZXJNYW5h Z2Uuc2VydmljZS5Vc2VyU2VydmljZS5maW5kQnlJZChqYXZhLmxhbmcuU3Ry aW5nKQAyPTMAMjM9ZnVuZF90cmFucwB1c2VyTWFuYWdlLXNlcnZlcgB2ADE9 MTkAOD17InBhcmFtMCI6IjEyMzQ1NSJ9AA==","exceptionStack":"GlobalException(respBeanEnum=RespBeanEnum(code=500102, message=用户不存在))
	at com.funtrans.userManage.server.serviceImpl.UserServiceImpl.findById(UserServiceImpl.java:35)
	at com.alibaba.dubbo.common.bytecode.Wrapper0.invokeMethod(Wrapper0.java)
	at com.alibaba.dubbo.rpc.proxy.javassist.JavassistProxyFactory$1.doInvoke(JavassistProxyFactory.java:51)
	at com.alibaba.dubbo.rpc.proxy.AbstractProxyInvoker.invoke(AbstractProxyInvoker.java:77)
	at com.alibaba.dubbo.rpc.protocol.InvokerWrapper.invoke(InvokerWrapper.java:57)
	at com.alibaba.dubbo.rpc.filter.ExceptionFilter.invoke(ExceptionFilter.java:62)
	at com.alibaba.dubbo.rpc.protocol.ProtocolFilterWrapper$1.invoke(ProtocolFilterWrapper.java:117)
	at com.alibaba.dubbo.rpc.filter.TimeoutFilter.invoke(TimeoutFilter.java:43)
	at com.alibaba.dubbo.rpc.protocol.ProtocolFilterWrapper$1.invoke(ProtocolFilterWrapper.java:117)
	at com.alibaba.dubbo.rpc.protocol.dubbo.filter.TraceFilter.invoke(TraceFilter.java:79)
	at com.alibaba.dubbo.rpc.protocol.ProtocolFilterWrapper$1.invoke(ProtocolFilterWrapper.java:117)
	at com.alibaba.dubbo.monitor.support.MonitorFilter.invoke(MonitorFilter.java:76)
	at com.alibaba.dubbo.rpc.protocol.ProtocolFilterWrapper$1.invoke(ProtocolFilterWrapper.java:117)
	at com.hundsun.jrescloud.rpc.def.manager.filter.DebugProviderFilter.invoke(DebugProviderFilter.java:103)
	at com.alibaba.dubbo.rpc.protocol.ProtocolFilterWrapper$1.invoke(ProtocolFilterWrapper.java:117)
	at com.alibaba.dubbo.rpc.filter.ContextFilter.invoke(ContextFilter.java:87)
	at com.alibaba.dubbo.rpc.protocol.ProtocolFilterWrapper$1.invoke(ProtocolFilterWrapper.java:117)
	at com.alibaba.dubbo.rpc.filter.GenericFilter.invoke(GenericFilter.java:155)
	at com.alibaba.dubbo.rpc.protocol.ProtocolFilterWrapper$1.invoke(ProtocolFilterWrapper.java:117)
	at com.alibaba.dubbo.rpc.filter.ClassLoaderFilter.invoke(ClassLoaderFilter.java:39)
	at com.alibaba.dubbo.rpc.protocol.ProtocolFilterWrapper$1.invoke(ProtocolFilterWrapper.java:117)
	at com.alibaba.dubbo.rpc.filter.EchoFilter.invoke(EchoFilter.java:40)
	at com.alibaba.dubbo.rpc.protocol.ProtocolFilterWrapper$1.invoke(ProtocolFilterWrapper.java:117)
	at com.hundsun.jrescloud.rpc.def.filter.RpcResultWrapper.invoke(RpcResultWrapper.java:74)
	at com.alibaba.dubbo.rpc.protocol.ProtocolFilterWrapper$1.invoke(ProtocolFilterWrapper.java:117)
	at com.hundsun.jrescloud.rpc.def.monitor.filter.MonitorProviderFilter.invoke(MonitorProviderFilter.java:69)
	at com.alibaba.dubbo.rpc.protocol.ProtocolFilterWrapper$1.invoke(ProtocolFilterWrapper.java:117)
	at com.hundsun.jrescloud.rpc.def.bodyinfo.BodyInfoProviderFilter.invoke(BodyInfoProviderFilter.java:59)
	at com.alibaba.dubbo.rpc.protocol.ProtocolFilterWrapper$1.invoke(ProtocolFilterWrapper.java:117)
	at com.hundsun.jrescloud.rpc.def.log.LogContextFilter.invoke(LogContextFilter.java:31)
	at com.alibaba.dubbo.rpc.protocol.ProtocolFilterWrapper$1.invoke(ProtocolFilterWrapper.java:117)
	at com.hundsun.jrescloud.rpc.def.trace.TraceProviderFilter.invoke(TraceProviderFilter.java:156)
	at com.alibaba.dubbo.rpc.protocol.ProtocolFilterWrapper$1.invoke(ProtocolFilterWrapper.java:117)
	at com.alibaba.dubbo.rpc.protocol.t3.T3Protocol$1.reply(T3Protocol.java:171)
	at com.alibaba.dubbo.remoting.exchange.support.header.HeaderExchangeHandler.handleRequest(HeaderExchangeHandler.java:96)
	at com.alibaba.dubbo.remoting.exchange.support.header.HeaderExchangeHandler.received(HeaderExchangeHandler.java:186)
	at com.alibaba.dubbo.remoting.transport.DecodeHandler.received(DecodeHandler.java:53)
	at com.alibaba.dubbo.remoting.transport.dispatcher.ChannelEventRunnable.run(ChannelEventRunnable.java:83)
	at java.util.concurrent.ThreadPoolExecutor.runWorker(ThreadPoolExecutor.java:1149)
	at java.util.concurrent.ThreadPoolExecutor$Worker.run(ThreadPoolExecutor.java:624)
	at java.lang.Thread.run(Thread.java:748)

"}}
{"type":"5","info":["","","","","2022-05-10 18:00:02.617","userManage-client","192.168.56.1","1","","","com.fundtrans.userManage.service.UserService.findById","jres-svr","","1"],"myPackage":{"error_no":"-1","error_info":"[-1][com.fundtrans.exception.GlobalException][originalError=null]","requestBody":""}}
{"type":"5","info":["1f89c64e4c86456c942e0a5ac10a15d975c49966f1903c00","0","","","2022-05-10 18:00:03.364","userManage-server","192.168.56.1","1","","","com.fundtrans.userManage.service.UserService.findById","jres-svr","","4"],"myPackage":{"error_no":"-1","error_info":"","requestBody":"Nzc9MQAxMT0zADMzPXsicGF0aCI6bnVsbCwiaW50ZXJmYWNlIjoiY29tLmZ1 bmR0cmFucy51c2VyTWFuYWdlLnNlcnZpY2UuVXNlclNlcnZpY2UiLCJ2ZXJz aW9uIjoidiIsInRpbWVvdXQiOiIzMDAwMCIsImdyb3VwIjoiZnVuZF90cmFu cyJ9ADEzPTgAMTQ9MTYAMzc9MwA1PQA3NT1wdWJsaWMgYWJzdHJhY3QgY29t LmZ1bmR0cmFucy52by5SZXNwQmVhbiBjb20uZnVuZHRyYW5zLnVzZXJNYW5h Z2Uuc2VydmljZS5Vc2VyU2VydmljZS5maW5kQnlJZChqYXZhLmxhbmcuU3Ry aW5nKQAyPTMAMjM9ZnVuZF90cmFucwB1c2VyTWFuYWdlLXNlcnZlcgB2ADE9 MTkAOD17InBhcmFtMCI6IjEyMzQ1NSJ9AA==","exceptionStack":"GlobalException(respBeanEnum=RespBeanEnum(code=500102, message=用户不存在))
	at com.funtrans.userManage.server.serviceImpl.UserServiceImpl.findById(UserServiceImpl.java:35)
	at com.alibaba.dubbo.common.bytecode.Wrapper0.invokeMethod(Wrapper0.java)
	at com.alibaba.dubbo.rpc.proxy.javassist.JavassistProxyFactory$1.doInvoke(JavassistProxyFactory.java:51)
	at com.alibaba.dubbo.rpc.proxy.AbstractProxyInvoker.invoke(AbstractProxyInvoker.java:77)
	at com.alibaba.dubbo.rpc.protocol.InvokerWrapper.invoke(InvokerWrapper.java:57)
	at com.alibaba.dubbo.rpc.filter.ExceptionFilter.invoke(ExceptionFilter.java:62)
	at com.alibaba.dubbo.rpc.protocol.ProtocolFilterWrapper$1.invoke(ProtocolFilterWrapper.java:117)
	at com.alibaba.dubbo.rpc.filter.TimeoutFilter.invoke(TimeoutFilter.java:43)
	at com.alibaba.dubbo.rpc.protocol.ProtocolFilterWrapper$1.invoke(ProtocolFilterWrapper.java:117)
	at com.alibaba.dubbo.rpc.protocol.dubbo.filter.TraceFilter.invoke(TraceFilter.java:79)
	at com.alibaba.dubbo.rpc.protocol.ProtocolFilterWrapper$1.invoke(ProtocolFilterWrapper.java:117)
	at com.alibaba.dubbo.monitor.support.MonitorFilter.invoke(MonitorFilter.java:76)
	at com.alibaba.dubbo.rpc.protocol.ProtocolFilterWrapper$1.invoke(ProtocolFilterWrapper.java:117)
	at com.hundsun.jrescloud.rpc.def.manager.filter.DebugProviderFilter.invoke(DebugProviderFilter.java:103)
	at com.alibaba.dubbo.rpc.protocol.ProtocolFilterWrapper$1.invoke(ProtocolFilterWrapper.java:117)
	at com.alibaba.dubbo.rpc.filter.ContextFilter.invoke(ContextFilter.java:87)
	at com.alibaba.dubbo.rpc.protocol.ProtocolFilterWrapper$1.invoke(ProtocolFilterWrapper.java:117)
	at com.alibaba.dubbo.rpc.filter.GenericFilter.invoke(GenericFilter.java:155)
	at com.alibaba.dubbo.rpc.protocol.ProtocolFilterWrapper$1.invoke(ProtocolFilterWrapper.java:117)
	at com.alibaba.dubbo.rpc.filter.ClassLoaderFilter.invoke(ClassLoaderFilter.java:39)
	at com.alibaba.dubbo.rpc.protocol.ProtocolFilterWrapper$1.invoke(ProtocolFilterWrapper.java:117)
	at com.alibaba.dubbo.rpc.filter.EchoFilter.invoke(EchoFilter.java:40)
	at com.alibaba.dubbo.rpc.protocol.ProtocolFilterWrapper$1.invoke(ProtocolFilterWrapper.java:117)
	at com.hundsun.jrescloud.rpc.def.filter.RpcResultWrapper.invoke(RpcResultWrapper.java:74)
	at com.alibaba.dubbo.rpc.protocol.ProtocolFilterWrapper$1.invoke(ProtocolFilterWrapper.java:117)
	at com.hundsun.jrescloud.rpc.def.monitor.filter.MonitorProviderFilter.invoke(MonitorProviderFilter.java:69)
	at com.alibaba.dubbo.rpc.protocol.ProtocolFilterWrapper$1.invoke(ProtocolFilterWrapper.java:117)
	at com.hundsun.jrescloud.rpc.def.bodyinfo.BodyInfoProviderFilter.invoke(BodyInfoProviderFilter.java:59)
	at com.alibaba.dubbo.rpc.protocol.ProtocolFilterWrapper$1.invoke(ProtocolFilterWrapper.java:117)
	at com.hundsun.jrescloud.rpc.def.log.LogContextFilter.invoke(LogContextFilter.java:31)
	at com.alibaba.dubbo.rpc.protocol.ProtocolFilterWrapper$1.invoke(ProtocolFilterWrapper.java:117)
	at com.hundsun.jrescloud.rpc.def.trace.TraceProviderFilter.invoke(TraceProviderFilter.java:156)
	at com.alibaba.dubbo.rpc.protocol.ProtocolFilterWrapper$1.invoke(ProtocolFilterWrapper.java:117)
	at com.alibaba.dubbo.rpc.protocol.t3.T3Protocol$1.reply(T3Protocol.java:171)
	at com.alibaba.dubbo.remoting.exchange.support.header.HeaderExchangeHandler.handleRequest(HeaderExchangeHandler.java:96)
	at com.alibaba.dubbo.remoting.exchange.support.header.HeaderExchangeHandler.received(HeaderExchangeHandler.java:186)
	at com.alibaba.dubbo.remoting.transport.DecodeHandler.received(DecodeHandler.java:53)
	at com.alibaba.dubbo.remoting.transport.dispatcher.ChannelEventRunnable.run(ChannelEventRunnable.java:83)
	at java.util.concurrent.ThreadPoolExecutor.runWorker(ThreadPoolExecutor.java:1149)
	at java.util.concurrent.ThreadPoolExecutor$Worker.run(ThreadPoolExecutor.java:624)
	at java.lang.Thread.run(Thread.java:748)

"}}
{"type":"5","info":["","","","","2022-05-10 18:00:03.366","userManage-client","192.168.56.1","1","","","com.fundtrans.userManage.service.UserService.findById","jres-svr","","1"],"myPackage":{"error_no":"-1","error_info":"[-1][com.fundtrans.exception.GlobalException][originalError=null]","requestBody":""}}
{"type":"5","info":["9e8288193aec4932b37fe923d677a1bd6022f23e58f6cc00","0","","","2022-05-10 18:00:04.101","userManage-server","192.168.56.1","1","","","com.fundtrans.userManage.service.UserService.findById","jres-svr","","4"],"myPackage":{"error_no":"-1","error_info":"","requestBody":"Nzc9MQAxMT00ADMzPXsicGF0aCI6bnVsbCwiaW50ZXJmYWNlIjoiY29tLmZ1 bmR0cmFucy51c2VyTWFuYWdlLnNlcnZpY2UuVXNlclNlcnZpY2UiLCJ2ZXJz aW9uIjoidiIsInRpbWVvdXQiOiIzMDAwMCIsImdyb3VwIjoiZnVuZF90cmFu cyJ9ADEzPTgAMTQ9MTYAMzc9MwA1PQA3NT1wdWJsaWMgYWJzdHJhY3QgY29t LmZ1bmR0cmFucy52by5SZXNwQmVhbiBjb20uZnVuZHRyYW5zLnVzZXJNYW5h Z2Uuc2VydmljZS5Vc2VyU2VydmljZS5maW5kQnlJZChqYXZhLmxhbmcuU3Ry aW5nKQAyPTMAMjM9ZnVuZF90cmFucwB1c2VyTWFuYWdlLXNlcnZlcgB2ADE9 MTkAOD17InBhcmFtMCI6IjEyMzQ1NSJ9AA==","exceptionStack":"GlobalException(respBeanEnum=RespBeanEnum(code=500102, message=用户不存在))
	at com.funtrans.userManage.server.serviceImpl.UserServiceImpl.findById(UserServiceImpl.java:35)
	at com.alibaba.dubbo.common.bytecode.Wrapper0.invokeMethod(Wrapper0.java)
	at com.alibaba.dubbo.rpc.proxy.javassist.JavassistProxyFactory$1.doInvoke(JavassistProxyFactory.java:51)
	at com.alibaba.dubbo.rpc.proxy.AbstractProxyInvoker.invoke(AbstractProxyInvoker.java:77)
	at com.alibaba.dubbo.rpc.protocol.InvokerWrapper.invoke(InvokerWrapper.java:57)
	at com.alibaba.dubbo.rpc.filter.ExceptionFilter.invoke(ExceptionFilter.java:62)
	at com.alibaba.dubbo.rpc.protocol.ProtocolFilterWrapper$1.invoke(ProtocolFilterWrapper.java:117)
	at com.alibaba.dubbo.rpc.filter.TimeoutFilter.invoke(TimeoutFilter.java:43)
	at com.alibaba.dubbo.rpc.protocol.ProtocolFilterWrapper$1.invoke(ProtocolFilterWrapper.java:117)
	at com.alibaba.dubbo.rpc.protocol.dubbo.filter.TraceFilter.invoke(TraceFilter.java:79)
	at com.alibaba.dubbo.rpc.protocol.ProtocolFilterWrapper$1.invoke(ProtocolFilterWrapper.java:117)
	at com.alibaba.dubbo.monitor.support.MonitorFilter.invoke(MonitorFilter.java:76)
	at com.alibaba.dubbo.rpc.protocol.ProtocolFilterWrapper$1.invoke(ProtocolFilterWrapper.java:117)
	at com.hundsun.jrescloud.rpc.def.manager.filter.DebugProviderFilter.invoke(DebugProviderFilter.java:103)
	at com.alibaba.dubbo.rpc.protocol.ProtocolFilterWrapper$1.invoke(ProtocolFilterWrapper.java:117)
	at com.alibaba.dubbo.rpc.filter.ContextFilter.invoke(ContextFilter.java:87)
	at com.alibaba.dubbo.rpc.protocol.ProtocolFilterWrapper$1.invoke(ProtocolFilterWrapper.java:117)
	at com.alibaba.dubbo.rpc.filter.GenericFilter.invoke(GenericFilter.java:155)
	at com.alibaba.dubbo.rpc.protocol.ProtocolFilterWrapper$1.invoke(ProtocolFilterWrapper.java:117)
	at com.alibaba.dubbo.rpc.filter.ClassLoaderFilter.invoke(ClassLoaderFilter.java:39)
	at com.alibaba.dubbo.rpc.protocol.ProtocolFilterWrapper$1.invoke(ProtocolFilterWrapper.java:117)
	at com.alibaba.dubbo.rpc.filter.EchoFilter.invoke(EchoFilter.java:40)
	at com.alibaba.dubbo.rpc.protocol.ProtocolFilterWrapper$1.invoke(ProtocolFilterWrapper.java:117)
	at com.hundsun.jrescloud.rpc.def.filter.RpcResultWrapper.invoke(RpcResultWrapper.java:74)
	at com.alibaba.dubbo.rpc.protocol.ProtocolFilterWrapper$1.invoke(ProtocolFilterWrapper.java:117)
	at com.hundsun.jrescloud.rpc.def.monitor.filter.MonitorProviderFilter.invoke(MonitorProviderFilter.java:69)
	at com.alibaba.dubbo.rpc.protocol.ProtocolFilterWrapper$1.invoke(ProtocolFilterWrapper.java:117)
	at com.hundsun.jrescloud.rpc.def.bodyinfo.BodyInfoProviderFilter.invoke(BodyInfoProviderFilter.java:59)
	at com.alibaba.dubbo.rpc.protocol.ProtocolFilterWrapper$1.invoke(ProtocolFilterWrapper.java:117)
	at com.hundsun.jrescloud.rpc.def.log.LogContextFilter.invoke(LogContextFilter.java:31)
	at com.alibaba.dubbo.rpc.protocol.ProtocolFilterWrapper$1.invoke(ProtocolFilterWrapper.java:117)
	at com.hundsun.jrescloud.rpc.def.trace.TraceProviderFilter.invoke(TraceProviderFilter.java:156)
	at com.alibaba.dubbo.rpc.protocol.ProtocolFilterWrapper$1.invoke(ProtocolFilterWrapper.java:117)
	at com.alibaba.dubbo.rpc.protocol.t3.T3Protocol$1.reply(T3Protocol.java:171)
	at com.alibaba.dubbo.remoting.exchange.support.header.HeaderExchangeHandler.handleRequest(HeaderExchangeHandler.java:96)
	at com.alibaba.dubbo.remoting.exchange.support.header.HeaderExchangeHandler.received(HeaderExchangeHandler.java:186)
	at com.alibaba.dubbo.remoting.transport.DecodeHandler.received(DecodeHandler.java:53)
	at com.alibaba.dubbo.remoting.transport.dispatcher.ChannelEventRunnable.run(ChannelEventRunnable.java:83)
	at java.util.concurrent.ThreadPoolExecutor.runWorker(ThreadPoolExecutor.java:1149)
	at java.util.concurrent.ThreadPoolExecutor$Worker.run(ThreadPoolExecutor.java:624)
	at java.lang.Thread.run(Thread.java:748)

"}}
{"type":"5","info":["","","","","2022-05-10 18:00:04.102","userManage-client","192.168.56.1","1","","","com.fundtrans.userManage.service.UserService.findById","jres-svr","","1"],"myPackage":{"error_no":"-1","error_info":"[-1][com.fundtrans.exception.GlobalException][originalError=null]","requestBody":""}}
