{"type":"4","info":["","","","","2022-05-22 19:08:06.120","fundPurchase-client","192.168.56.1","1","","","com.fundtrans.fundPurchase.service.PtransService.addPtrans","jres-svr","","4"],"myPackage":{"error_no":"-4","error_info":"[-4][路由规则选择失败，请检查路由设置。Forbid consumer access service com.fundtrans.infoSearch.service.CardService from routers, Please check router configuration.]","requestBody":""}}
{"type":"4","info":["dbd536ad0ca2457f98598cf943ed310a01a6ac3037744800","0","","","2022-05-22 19:09:32.751","fundPurchase-server","192.168.56.1","1","","","com.fundtrans.fundPurchase.service.PtransService.addPtrans","jres-svr","","3"],"myPackage":{"error_no":"-4","error_info":"[-4][路由规则选择失败，请检查路由设置。Forbid consumer access service com.fundtrans.infoSearch.service.CardService from routers, Please check router configuration.]","requestBody":"Nzc9MQAxMT0xADMzPXsicGF0aCI6bnVsbCwiaW50ZXJmYWNlIjoiY29tLmZ1 bmR0cmFucy5mdW5kUHVyY2hhc2Uuc2VydmljZS5QdHJhbnNTZXJ2aWNlIiwi dmVyc2lvbiI6InYiLCJ0aW1lb3V0IjoiMzAwMDAiLCJncm91cCI6ImZ1bmRf dHJhbnMifQAxMz04ADE0PTE2ADM3PTIANT0ANzU9cHVibGljIGFic3RyYWN0 IGNvbS5mdW5kdHJhbnMudm8uUmVzcEJlYW4gY29tLmZ1bmR0cmFucy5mdW5k UHVyY2hhc2Uuc2VydmljZS5QdHJhbnNTZXJ2aWNlLmFkZFB0cmFucyhjb20u ZnVuZHRyYW5zLnBvam8uUHRyYW5zKQAxPTI0MAA4PSECAwAAAAAIAAAAAQAA AMUAAAAAaWQASQIAAABkdXNlcl9pZABTAgAAAGRwcm9kdWN0X2lkAFMCAAAA ZGNhcmRfaWQAUwIAAABkdGltZQBTAgAAAGRtZXRob2QAUwIAAABkYW1vdW50 AFMCAAAAZHN0YXRlAEkCAAAAZAA4Y2IwMDQ3MGIwNWM0YTVjYjdkY2M4ZWQy ZmE1YzJlYgBTUDAxADEyMzQ1Njc4OQAkSFMlMV4yJjMqNCg4KTkhQH4jNi81 LUAkJSQjAOS8oOecnwAxMDAwLjAwAAB0eXBlRHMAAAAAAAAAAAAAAAAAAAAA AAA=","exceptionStack":"com.alibaba.dubbo.rpc.RpcException: [-4][路由规则选择失败，请检查路由设置。Forbid consumer access service com.fundtrans.infoSearch.service.CardService from routers, Please check router configuration.]
	at com.alibaba.dubbo.rpc.cluster.directory.AbstractDirectory.list(AbstractDirectory.java:101)
	at com.alibaba.dubbo.rpc.cluster.support.AbstractClusterInvoker.list(AbstractClusterInvoker.java:319)
	at com.alibaba.dubbo.rpc.cluster.support.AbstractClusterInvoker.invoke(AbstractClusterInvoker.java:271)
	at com.alibaba.dubbo.rpc.cluster.support.wrapper.MockClusterInvoker.invoke(MockClusterInvoker.java:78)
	at com.alibaba.dubbo.rpc.proxy.InvokerInvocationHandler.invoke(InvokerInvocationHandler.java:91)
	at com.alibaba.dubbo.common.bytecode.proxy0.OutFindByUserId(proxy0.java)
	at com.fundtrans.fundPurchase.server.serviceImpl.PtransServiceImpl.addPtrans(PtransServiceImpl.java:59)
	at com.alibaba.dubbo.common.bytecode.Wrapper1.invokeMethod(Wrapper1.java)
	at com.alibaba.dubbo.rpc.proxy.javassist.JavassistProxyFactory$1.doInvoke(JavassistProxyFactory.java:51)
	at com.alibaba.dubbo.rpc.proxy.AbstractProxyInvoker.invoke(AbstractProxyInvoker.java:77)
	at com.alibaba.dubbo.rpc.protocol.InvokerWrapper.invoke(InvokerWrapper.java:57)
	at com.alibaba.dubbo.rpc.filter.ExceptionFilter.invoke(ExceptionFilter.java:62)
	at com.alibaba.dubbo.rpc.protocol.ProtocolFilterWrapper$1.invoke(ProtocolFilterWrapper.java:117)
	at com.alibaba.dubbo.rpc.filter.TimeoutFilter.invoke(TimeoutFilter.java:43)
	at com.alibaba.dubbo.rpc.protocol.ProtocolFilterWrapper$1.invoke(ProtocolFilterWrapper.java:117)
	at com.alibaba.dubbo.rpc.protocol.dubbo.filter.TraceFilter.invoke(TraceFilter.java:79)
	at com.alibaba.dubbo.rpc.protocol.ProtocolFilterWrapper$1.invoke(ProtocolFilterWrapper.java:117)
	at com.alibaba.dubbo.monitor.support.MonitorFilter.invoke(MonitorFilter.java:76)
	at com.alibaba.dubbo.rpc.protocol.ProtocolFilterWrapper$1.invoke(ProtocolFilterWrapper.java:117)
	at com.hundsun.jrescloud.rpc.def.manager.filter.DebugProviderFilter.invoke(DebugProviderFilter.java:64)
	at com.alibaba.dubbo.rpc.protocol.ProtocolFilterWrapper$1.invoke(ProtocolFilterWrapper.java:117)
	at com.alibaba.dubbo.rpc.filter.ContextFilter.invoke(ContextFilter.java:87)
	at com.alibaba.dubbo.rpc.protocol.ProtocolFilterWrapper$1.invoke(ProtocolFilterWrapper.java:117)
	at com.alibaba.dubbo.rpc.filter.GenericFilter.invoke(GenericFilter.java:155)
	at com.alibaba.dubbo.rpc.protocol.ProtocolFilterWrapper$1.invoke(ProtocolFilterWrapper.java:117)
	at com.alibaba.dubbo.rpc.filter.ClassLoaderFilter.invoke(ClassLoaderFilter.java:39)
	at com.alibaba.dubbo.rpc.protocol.ProtocolFilterWrapper$1.invoke(ProtocolFilterWrapper.java:117)
	at com.alibaba.dubbo.rpc.filter.EchoFilter.invoke(EchoFilter.java:40)
	at com.alibaba.dubbo.rpc.protocol.ProtocolFilterWrapper$1.invoke(ProtocolFilterWrapper.java:117)
	at com.hundsun.jrescloud.rpc.def.filter.RpcResultWrapper.invoke(RpcResultWrapper.java:74)
	at com.alibaba.dubbo.rpc.protocol.ProtocolFilterWrapper$1.invoke(ProtocolFilterWrapper.java:117)
	at com.hundsun.jrescloud.rpc.def.monitor.filter.MonitorProviderFilter.invoke(MonitorProviderFilter.java:69)
	at com.alibaba.dubbo.rpc.protocol.ProtocolFilterWrapper$1.invoke(ProtocolFilterWrapper.java:117)
	at com.hundsun.jrescloud.rpc.def.bodyinfo.BodyInfoProviderFilter.invoke(BodyInfoProviderFilter.java:59)
	at com.alibaba.dubbo.rpc.protocol.ProtocolFilterWrapper$1.invoke(ProtocolFilterWrapper.java:117)
	at com.hundsun.jrescloud.rpc.def.log.LogContextFilter.invoke(LogContextFilter.java:31)
	at com.alibaba.dubbo.rpc.protocol.ProtocolFilterWrapper$1.invoke(ProtocolFilterWrapper.java:117)
	at com.hundsun.jrescloud.rpc.def.trace.TraceProviderFilter.invoke(TraceProviderFilter.java:156)
	at com.alibaba.dubbo.rpc.protocol.ProtocolFilterWrapper$1.invoke(ProtocolFilterWrapper.java:117)
	at com.alibaba.dubbo.rpc.protocol.t2.T2Protocol$1.reply(T2Protocol.java:141)
	at com.alibaba.dubbo.remoting.exchange.support.header.HeaderExchangeHandler.handleRequest(HeaderExchangeHandler.java:96)
	at com.alibaba.dubbo.remoting.exchange.support.header.HeaderExchangeHandler.received(HeaderExchangeHandler.java:186)
	at com.alibaba.dubbo.remoting.transport.DecodeHandler.received(DecodeHandler.java:53)
	at com.alibaba.dubbo.remoting.transport.dispatcher.ChannelEventRunnable.run(ChannelEventRunnable.java:83)
	at java.util.concurrent.ThreadPoolExecutor.runWorker(ThreadPoolExecutor.java:1149)
	at java.util.concurrent.ThreadPoolExecutor$Worker.run(ThreadPoolExecutor.java:624)
	at java.lang.Thread.run(Thread.java:748)

"}}
{"type":"4","info":["","","","","2022-05-22 19:09:32.807","fundPurchase-client","192.168.56.1","1","","","com.fundtrans.fundPurchase.service.PtransService.addPtrans","jres-svr","","4"],"myPackage":{"error_no":"-4","error_info":"[-4][路由规则选择失败，请检查路由设置。Forbid consumer access service com.fundtrans.infoSearch.service.CardService from routers, Please check router configuration.]","requestBody":""}}
{"type":"4","info":["0d7bdf3ef87f4d49a5b2c8ec080e695324ab1f9f63145000","0","","","2022-05-22 19:09:34.551","fundPurchase-server","192.168.56.1","1","","","com.fundtrans.fundPurchase.service.PtransService.addPtrans","jres-svr","","3"],"myPackage":{"error_no":"-4","error_info":"[-4][路由规则选择失败，请检查路由设置。Forbid consumer access service com.fundtrans.infoSearch.service.CardService from routers, Please check router configuration.]","requestBody":"Nzc9MQAxMT0yADMzPXsicGF0aCI6bnVsbCwiaW50ZXJmYWNlIjoiY29tLmZ1 bmR0cmFucy5mdW5kUHVyY2hhc2Uuc2VydmljZS5QdHJhbnNTZXJ2aWNlIiwi dmVyc2lvbiI6InYiLCJ0aW1lb3V0IjoiMzAwMDAiLCJncm91cCI6ImZ1bmRf dHJhbnMifQAxMz04ADE0PTE2ADM3PTIANT0ANzU9cHVibGljIGFic3RyYWN0 IGNvbS5mdW5kdHJhbnMudm8uUmVzcEJlYW4gY29tLmZ1bmR0cmFucy5mdW5k UHVyY2hhc2Uuc2VydmljZS5QdHJhbnNTZXJ2aWNlLmFkZFB0cmFucyhjb20u ZnVuZHRyYW5zLnBvam8uUHRyYW5zKQAxPTI0MAA4PSECAwAAAAAIAAAAAQAA AMUAAAAAaWQASQIAAABkdXNlcl9pZABTAgAAAGRwcm9kdWN0X2lkAFMCAAAA ZGNhcmRfaWQAUwIAAABkdGltZQBTAgAAAGRtZXRob2QAUwIAAABkYW1vdW50 AFMCAAAAZHN0YXRlAEkCAAAAZAA4Y2IwMDQ3MGIwNWM0YTVjYjdkY2M4ZWQy ZmE1YzJlYgBTUDAxADEyMzQ1Njc4OQAkSFMlMV4yJjMqNCg4KTkhQH4jNi81 LUAkJSQjAOS8oOecnwAxMDAwLjAwAAB0eXBlRHMAAAAAAAAAAAAAAAAAAAAA AAA=","exceptionStack":"com.alibaba.dubbo.rpc.RpcException: [-4][路由规则选择失败，请检查路由设置。Forbid consumer access service com.fundtrans.infoSearch.service.CardService from routers, Please check router configuration.]
	at com.alibaba.dubbo.rpc.cluster.directory.AbstractDirectory.list(AbstractDirectory.java:101)
	at com.alibaba.dubbo.rpc.cluster.support.AbstractClusterInvoker.list(AbstractClusterInvoker.java:319)
	at com.alibaba.dubbo.rpc.cluster.support.AbstractClusterInvoker.invoke(AbstractClusterInvoker.java:271)
	at com.alibaba.dubbo.rpc.cluster.support.wrapper.MockClusterInvoker.invoke(MockClusterInvoker.java:78)
	at com.alibaba.dubbo.rpc.proxy.InvokerInvocationHandler.invoke(InvokerInvocationHandler.java:91)
	at com.alibaba.dubbo.common.bytecode.proxy0.OutFindByUserId(proxy0.java)
	at com.fundtrans.fundPurchase.server.serviceImpl.PtransServiceImpl.addPtrans(PtransServiceImpl.java:59)
	at com.alibaba.dubbo.common.bytecode.Wrapper1.invokeMethod(Wrapper1.java)
	at com.alibaba.dubbo.rpc.proxy.javassist.JavassistProxyFactory$1.doInvoke(JavassistProxyFactory.java:51)
	at com.alibaba.dubbo.rpc.proxy.AbstractProxyInvoker.invoke(AbstractProxyInvoker.java:77)
	at com.alibaba.dubbo.rpc.protocol.InvokerWrapper.invoke(InvokerWrapper.java:57)
	at com.alibaba.dubbo.rpc.filter.ExceptionFilter.invoke(ExceptionFilter.java:62)
	at com.alibaba.dubbo.rpc.protocol.ProtocolFilterWrapper$1.invoke(ProtocolFilterWrapper.java:117)
	at com.alibaba.dubbo.rpc.filter.TimeoutFilter.invoke(TimeoutFilter.java:43)
	at com.alibaba.dubbo.rpc.protocol.ProtocolFilterWrapper$1.invoke(ProtocolFilterWrapper.java:117)
	at com.alibaba.dubbo.rpc.protocol.dubbo.filter.TraceFilter.invoke(TraceFilter.java:79)
	at com.alibaba.dubbo.rpc.protocol.ProtocolFilterWrapper$1.invoke(ProtocolFilterWrapper.java:117)
	at com.alibaba.dubbo.monitor.support.MonitorFilter.invoke(MonitorFilter.java:76)
	at com.alibaba.dubbo.rpc.protocol.ProtocolFilterWrapper$1.invoke(ProtocolFilterWrapper.java:117)
	at com.hundsun.jrescloud.rpc.def.manager.filter.DebugProviderFilter.invoke(DebugProviderFilter.java:64)
	at com.alibaba.dubbo.rpc.protocol.ProtocolFilterWrapper$1.invoke(ProtocolFilterWrapper.java:117)
	at com.alibaba.dubbo.rpc.filter.ContextFilter.invoke(ContextFilter.java:87)
	at com.alibaba.dubbo.rpc.protocol.ProtocolFilterWrapper$1.invoke(ProtocolFilterWrapper.java:117)
	at com.alibaba.dubbo.rpc.filter.GenericFilter.invoke(GenericFilter.java:155)
	at com.alibaba.dubbo.rpc.protocol.ProtocolFilterWrapper$1.invoke(ProtocolFilterWrapper.java:117)
	at com.alibaba.dubbo.rpc.filter.ClassLoaderFilter.invoke(ClassLoaderFilter.java:39)
	at com.alibaba.dubbo.rpc.protocol.ProtocolFilterWrapper$1.invoke(ProtocolFilterWrapper.java:117)
	at com.alibaba.dubbo.rpc.filter.EchoFilter.invoke(EchoFilter.java:40)
	at com.alibaba.dubbo.rpc.protocol.ProtocolFilterWrapper$1.invoke(ProtocolFilterWrapper.java:117)
	at com.hundsun.jrescloud.rpc.def.filter.RpcResultWrapper.invoke(RpcResultWrapper.java:74)
	at com.alibaba.dubbo.rpc.protocol.ProtocolFilterWrapper$1.invoke(ProtocolFilterWrapper.java:117)
	at com.hundsun.jrescloud.rpc.def.monitor.filter.MonitorProviderFilter.invoke(MonitorProviderFilter.java:69)
	at com.alibaba.dubbo.rpc.protocol.ProtocolFilterWrapper$1.invoke(ProtocolFilterWrapper.java:117)
	at com.hundsun.jrescloud.rpc.def.bodyinfo.BodyInfoProviderFilter.invoke(BodyInfoProviderFilter.java:59)
	at com.alibaba.dubbo.rpc.protocol.ProtocolFilterWrapper$1.invoke(ProtocolFilterWrapper.java:117)
	at com.hundsun.jrescloud.rpc.def.log.LogContextFilter.invoke(LogContextFilter.java:31)
	at com.alibaba.dubbo.rpc.protocol.ProtocolFilterWrapper$1.invoke(ProtocolFilterWrapper.java:117)
	at com.hundsun.jrescloud.rpc.def.trace.TraceProviderFilter.invoke(TraceProviderFilter.java:156)
	at com.alibaba.dubbo.rpc.protocol.ProtocolFilterWrapper$1.invoke(ProtocolFilterWrapper.java:117)
	at com.alibaba.dubbo.rpc.protocol.t2.T2Protocol$1.reply(T2Protocol.java:141)
	at com.alibaba.dubbo.remoting.exchange.support.header.HeaderExchangeHandler.handleRequest(HeaderExchangeHandler.java:96)
	at com.alibaba.dubbo.remoting.exchange.support.header.HeaderExchangeHandler.received(HeaderExchangeHandler.java:186)
	at com.alibaba.dubbo.remoting.transport.DecodeHandler.received(DecodeHandler.java:53)
	at com.alibaba.dubbo.remoting.transport.dispatcher.ChannelEventRunnable.run(ChannelEventRunnable.java:83)
	at java.util.concurrent.ThreadPoolExecutor.runWorker(ThreadPoolExecutor.java:1149)
	at java.util.concurrent.ThreadPoolExecutor$Worker.run(ThreadPoolExecutor.java:624)
	at java.lang.Thread.run(Thread.java:748)

"}}
{"type":"4","info":["","","","","2022-05-22 19:09:34.554","fundPurchase-client","192.168.56.1","1","","","com.fundtrans.fundPurchase.service.PtransService.addPtrans","jres-svr","","1"],"myPackage":{"error_no":"-4","error_info":"[-4][路由规则选择失败，请检查路由设置。Forbid consumer access service com.fundtrans.infoSearch.service.CardService from routers, Please check router configuration.]","requestBody":""}}
{"type":"4","info":["871a0058e9ec491888efd6364932957d56aece349f2d0000","0","","","2022-05-22 19:10:24.334","fundPurchase-server","192.168.56.1","1","","","com.fundtrans.fundPurchase.service.PtransService.addPtrans","jres-svr","","3"],"myPackage":{"error_no":"-4","error_info":"[-4][路由规则选择失败，请检查路由设置。Forbid consumer access service com.fundtrans.infoSearch.service.CardService from routers, Please check router configuration.]","requestBody":"Nzc9MQAxMT01ADMzPXsicGF0aCI6bnVsbCwiaW50ZXJmYWNlIjoiY29tLmZ1 bmR0cmFucy5mdW5kUHVyY2hhc2Uuc2VydmljZS5QdHJhbnNTZXJ2aWNlIiwi dmVyc2lvbiI6InYiLCJ0aW1lb3V0IjoiMzAwMDAiLCJncm91cCI6ImZ1bmRf dHJhbnMifQAxMz04ADE0PTE2ADM3PTIANT0ANzU9cHVibGljIGFic3RyYWN0 IGNvbS5mdW5kdHJhbnMudm8uUmVzcEJlYW4gY29tLmZ1bmR0cmFucy5mdW5k UHVyY2hhc2Uuc2VydmljZS5QdHJhbnNTZXJ2aWNlLmFkZFB0cmFucyhjb20u ZnVuZHRyYW5zLnBvam8uUHRyYW5zKQAxPTI0MQA4PSECAwAAAAAIAAAAAQAA AMYAAAAAaWQASQIAAABkdXNlcl9pZABTAgAAAGRwcm9kdWN0X2lkAFMCAAAA ZGNhcmRfaWQAUwIAAABkdGltZQBTAgAAAGRtZXRob2QAUwIAAABkYW1vdW50 AFMCAAAAZHN0YXRlAEkCAAAAZDAAOGNiMDA0NzBiMDVjNGE1Y2I3ZGNjOGVk MmZhNWMyZWIAU1AwMQAxMjM0NTY3ODkAJEhTJTFeMiYzKjQoOCk5IUB+IzYv NS1AJCUkIwDkvKDnnJ8AMTAwMC4wMAAAdHlwZURzAAAAAAAAAAAAAAAAAAAA AAAA","exceptionStack":"com.alibaba.dubbo.rpc.RpcException: [-4][路由规则选择失败，请检查路由设置。Forbid consumer access service com.fundtrans.infoSearch.service.CardService from routers, Please check router configuration.]
	at com.alibaba.dubbo.rpc.cluster.directory.AbstractDirectory.list(AbstractDirectory.java:101)
	at com.alibaba.dubbo.rpc.cluster.support.AbstractClusterInvoker.list(AbstractClusterInvoker.java:319)
	at com.alibaba.dubbo.rpc.cluster.support.AbstractClusterInvoker.invoke(AbstractClusterInvoker.java:271)
	at com.alibaba.dubbo.rpc.cluster.support.wrapper.MockClusterInvoker.invoke(MockClusterInvoker.java:78)
	at com.alibaba.dubbo.rpc.proxy.InvokerInvocationHandler.invoke(InvokerInvocationHandler.java:91)
	at com.alibaba.dubbo.common.bytecode.proxy0.OutFindByUserId(proxy0.java)
	at com.fundtrans.fundPurchase.server.serviceImpl.PtransServiceImpl.addPtrans(PtransServiceImpl.java:59)
	at com.alibaba.dubbo.common.bytecode.Wrapper1.invokeMethod(Wrapper1.java)
	at com.alibaba.dubbo.rpc.proxy.javassist.JavassistProxyFactory$1.doInvoke(JavassistProxyFactory.java:51)
	at com.alibaba.dubbo.rpc.proxy.AbstractProxyInvoker.invoke(AbstractProxyInvoker.java:77)
	at com.alibaba.dubbo.rpc.protocol.InvokerWrapper.invoke(InvokerWrapper.java:57)
	at com.alibaba.dubbo.rpc.filter.ExceptionFilter.invoke(ExceptionFilter.java:62)
	at com.alibaba.dubbo.rpc.protocol.ProtocolFilterWrapper$1.invoke(ProtocolFilterWrapper.java:117)
	at com.alibaba.dubbo.rpc.filter.TimeoutFilter.invoke(TimeoutFilter.java:43)
	at com.alibaba.dubbo.rpc.protocol.ProtocolFilterWrapper$1.invoke(ProtocolFilterWrapper.java:117)
	at com.alibaba.dubbo.rpc.protocol.dubbo.filter.TraceFilter.invoke(TraceFilter.java:79)
	at com.alibaba.dubbo.rpc.protocol.ProtocolFilterWrapper$1.invoke(ProtocolFilterWrapper.java:117)
	at com.alibaba.dubbo.monitor.support.MonitorFilter.invoke(MonitorFilter.java:76)
	at com.alibaba.dubbo.rpc.protocol.ProtocolFilterWrapper$1.invoke(ProtocolFilterWrapper.java:117)
	at com.hundsun.jrescloud.rpc.def.manager.filter.DebugProviderFilter.invoke(DebugProviderFilter.java:64)
	at com.alibaba.dubbo.rpc.protocol.ProtocolFilterWrapper$1.invoke(ProtocolFilterWrapper.java:117)
	at com.alibaba.dubbo.rpc.filter.ContextFilter.invoke(ContextFilter.java:87)
	at com.alibaba.dubbo.rpc.protocol.ProtocolFilterWrapper$1.invoke(ProtocolFilterWrapper.java:117)
	at com.alibaba.dubbo.rpc.filter.GenericFilter.invoke(GenericFilter.java:155)
	at com.alibaba.dubbo.rpc.protocol.ProtocolFilterWrapper$1.invoke(ProtocolFilterWrapper.java:117)
	at com.alibaba.dubbo.rpc.filter.ClassLoaderFilter.invoke(ClassLoaderFilter.java:39)
	at com.alibaba.dubbo.rpc.protocol.ProtocolFilterWrapper$1.invoke(ProtocolFilterWrapper.java:117)
	at com.alibaba.dubbo.rpc.filter.EchoFilter.invoke(EchoFilter.java:40)
	at com.alibaba.dubbo.rpc.protocol.ProtocolFilterWrapper$1.invoke(ProtocolFilterWrapper.java:117)
	at com.hundsun.jrescloud.rpc.def.filter.RpcResultWrapper.invoke(RpcResultWrapper.java:74)
	at com.alibaba.dubbo.rpc.protocol.ProtocolFilterWrapper$1.invoke(ProtocolFilterWrapper.java:117)
	at com.hundsun.jrescloud.rpc.def.monitor.filter.MonitorProviderFilter.invoke(MonitorProviderFilter.java:69)
	at com.alibaba.dubbo.rpc.protocol.ProtocolFilterWrapper$1.invoke(ProtocolFilterWrapper.java:117)
	at com.hundsun.jrescloud.rpc.def.bodyinfo.BodyInfoProviderFilter.invoke(BodyInfoProviderFilter.java:59)
	at com.alibaba.dubbo.rpc.protocol.ProtocolFilterWrapper$1.invoke(ProtocolFilterWrapper.java:117)
	at com.hundsun.jrescloud.rpc.def.log.LogContextFilter.invoke(LogContextFilter.java:31)
	at com.alibaba.dubbo.rpc.protocol.ProtocolFilterWrapper$1.invoke(ProtocolFilterWrapper.java:117)
	at com.hundsun.jrescloud.rpc.def.trace.TraceProviderFilter.invoke(TraceProviderFilter.java:156)
	at com.alibaba.dubbo.rpc.protocol.ProtocolFilterWrapper$1.invoke(ProtocolFilterWrapper.java:117)
	at com.alibaba.dubbo.rpc.protocol.t2.T2Protocol$1.reply(T2Protocol.java:141)
	at com.alibaba.dubbo.remoting.exchange.support.header.HeaderExchangeHandler.handleRequest(HeaderExchangeHandler.java:96)
	at com.alibaba.dubbo.remoting.exchange.support.header.HeaderExchangeHandler.received(HeaderExchangeHandler.java:186)
	at com.alibaba.dubbo.remoting.transport.DecodeHandler.received(DecodeHandler.java:53)
	at com.alibaba.dubbo.remoting.transport.dispatcher.ChannelEventRunnable.run(ChannelEventRunnable.java:83)
	at java.util.concurrent.ThreadPoolExecutor.runWorker(ThreadPoolExecutor.java:1149)
	at java.util.concurrent.ThreadPoolExecutor$Worker.run(ThreadPoolExecutor.java:624)
	at java.lang.Thread.run(Thread.java:748)

"}}
{"type":"4","info":["","","","","2022-05-22 19:10:24.335","fundPurchase-client","192.168.56.1","1","","","com.fundtrans.fundPurchase.service.PtransService.addPtrans","jres-svr","","1"],"myPackage":{"error_no":"-4","error_info":"[-4][路由规则选择失败，请检查路由设置。Forbid consumer access service com.fundtrans.infoSearch.service.CardService from routers, Please check router configuration.]","requestBody":""}}
{"type":"4","info":["36c1d770f9614e02a3b8662d263f47a50baf0877be5ca400","0","","","2022-05-22 19:13:00.923","fundPurchase-server","192.168.56.1","1","","","com.fundtrans.fundPurchase.service.PtransService.addPtrans","jres-svr","","3"],"myPackage":{"error_no":"-4","error_info":"[-4][路由规则选择失败，请检查路由设置。Forbid consumer access service com.fundtrans.infoSearch.service.CardService from routers, Please check router configuration.]","requestBody":"Nzc9MQAxMT0yADMzPXsicGF0aCI6bnVsbCwiaW50ZXJmYWNlIjoiY29tLmZ1 bmR0cmFucy5mdW5kUHVyY2hhc2Uuc2VydmljZS5QdHJhbnNTZXJ2aWNlIiwi dmVyc2lvbiI6InYiLCJ0aW1lb3V0IjoiMzAwMDAiLCJncm91cCI6ImZ1bmRf dHJhbnMifQAxMz04ADE0PTE2ADM3PTMANT0ANzU9cHVibGljIGFic3RyYWN0 IGNvbS5mdW5kdHJhbnMudm8uUmVzcEJlYW4gY29tLmZ1bmR0cmFucy5mdW5k UHVyY2hhc2Uuc2VydmljZS5QdHJhbnNTZXJ2aWNlLmFkZFB0cmFucyhjb20u ZnVuZHRyYW5zLnBvam8uUHRyYW5zKQAyPTMAMjM9ZnVuZF90cmFucwBmdW5k UHVyY2hhc2Utc2VydmVyAHYAMT0xNTUAOD17ImlkIjowLCJ1c2VyX2lkIjoi OGNiMDA0NzBiMDVjNGE1Y2I3ZGNjOGVkMmZhNWMyZWIiLCJwcm9kdWN0X2lk IjoiU1AwMSIsImNhcmRfaWQiOiIxMjM0NTY3ODkiLCJ0aW1lIjpudWxsLCJt ZXRob2QiOiLkvKDnnJ8iLCJhbW91bnQiOjEwMDAuMDAsInN0YXRlIjpudWxs fQA=","exceptionStack":"com.alibaba.dubbo.rpc.RpcException: [-4][路由规则选择失败，请检查路由设置。Forbid consumer access service com.fundtrans.infoSearch.service.CardService from routers, Please check router configuration.]
	at com.alibaba.dubbo.rpc.cluster.directory.AbstractDirectory.list(AbstractDirectory.java:101)
	at com.alibaba.dubbo.rpc.cluster.support.AbstractClusterInvoker.list(AbstractClusterInvoker.java:319)
	at com.alibaba.dubbo.rpc.cluster.support.AbstractClusterInvoker.invoke(AbstractClusterInvoker.java:271)
	at com.alibaba.dubbo.rpc.cluster.support.wrapper.MockClusterInvoker.invoke(MockClusterInvoker.java:78)
	at com.alibaba.dubbo.rpc.proxy.InvokerInvocationHandler.invoke(InvokerInvocationHandler.java:91)
	at com.alibaba.dubbo.common.bytecode.proxy0.OutFindByUserId(proxy0.java)
	at com.fundtrans.fundPurchase.server.serviceImpl.PtransServiceImpl.addPtrans(PtransServiceImpl.java:59)
	at com.alibaba.dubbo.common.bytecode.Wrapper1.invokeMethod(Wrapper1.java)
	at com.alibaba.dubbo.rpc.proxy.javassist.JavassistProxyFactory$1.doInvoke(JavassistProxyFactory.java:51)
	at com.alibaba.dubbo.rpc.proxy.AbstractProxyInvoker.invoke(AbstractProxyInvoker.java:77)
	at com.alibaba.dubbo.rpc.protocol.InvokerWrapper.invoke(InvokerWrapper.java:57)
	at com.alibaba.dubbo.rpc.filter.ExceptionFilter.invoke(ExceptionFilter.java:62)
	at com.alibaba.dubbo.rpc.protocol.ProtocolFilterWrapper$1.invoke(ProtocolFilterWrapper.java:117)
	at com.alibaba.dubbo.rpc.filter.TimeoutFilter.invoke(TimeoutFilter.java:43)
	at com.alibaba.dubbo.rpc.protocol.ProtocolFilterWrapper$1.invoke(ProtocolFilterWrapper.java:117)
	at com.alibaba.dubbo.rpc.protocol.dubbo.filter.TraceFilter.invoke(TraceFilter.java:79)
	at com.alibaba.dubbo.rpc.protocol.ProtocolFilterWrapper$1.invoke(ProtocolFilterWrapper.java:117)
	at com.alibaba.dubbo.monitor.support.MonitorFilter.invoke(MonitorFilter.java:76)
	at com.alibaba.dubbo.rpc.protocol.ProtocolFilterWrapper$1.invoke(ProtocolFilterWrapper.java:117)
	at com.hundsun.jrescloud.rpc.def.manager.filter.DebugProviderFilter.invoke(DebugProviderFilter.java:103)
	at com.alibaba.dubbo.rpc.protocol.ProtocolFilterWrapper$1.invoke(ProtocolFilterWrapper.java:117)
	at com.alibaba.dubbo.rpc.filter.ContextFilter.invoke(ContextFilter.java:87)
	at com.alibaba.dubbo.rpc.protocol.ProtocolFilterWrapper$1.invoke(ProtocolFilterWrapper.java:117)
	at com.alibaba.dubbo.rpc.filter.GenericFilter.invoke(GenericFilter.java:155)
	at com.alibaba.dubbo.rpc.protocol.ProtocolFilterWrapper$1.invoke(ProtocolFilterWrapper.java:117)
	at com.alibaba.dubbo.rpc.filter.ClassLoaderFilter.invoke(ClassLoaderFilter.java:39)
	at com.alibaba.dubbo.rpc.protocol.ProtocolFilterWrapper$1.invoke(ProtocolFilterWrapper.java:117)
	at com.alibaba.dubbo.rpc.filter.EchoFilter.invoke(EchoFilter.java:40)
	at com.alibaba.dubbo.rpc.protocol.ProtocolFilterWrapper$1.invoke(ProtocolFilterWrapper.java:117)
	at com.hundsun.jrescloud.rpc.def.filter.RpcResultWrapper.invoke(RpcResultWrapper.java:74)
	at com.alibaba.dubbo.rpc.protocol.ProtocolFilterWrapper$1.invoke(ProtocolFilterWrapper.java:117)
	at com.hundsun.jrescloud.rpc.def.monitor.filter.MonitorProviderFilter.invoke(MonitorProviderFilter.java:69)
	at com.alibaba.dubbo.rpc.protocol.ProtocolFilterWrapper$1.invoke(ProtocolFilterWrapper.java:117)
	at com.hundsun.jrescloud.rpc.def.bodyinfo.BodyInfoProviderFilter.invoke(BodyInfoProviderFilter.java:59)
	at com.alibaba.dubbo.rpc.protocol.ProtocolFilterWrapper$1.invoke(ProtocolFilterWrapper.java:117)
	at com.hundsun.jrescloud.rpc.def.log.LogContextFilter.invoke(LogContextFilter.java:31)
	at com.alibaba.dubbo.rpc.protocol.ProtocolFilterWrapper$1.invoke(ProtocolFilterWrapper.java:117)
	at com.hundsun.jrescloud.rpc.def.trace.TraceProviderFilter.invoke(TraceProviderFilter.java:156)
	at com.alibaba.dubbo.rpc.protocol.ProtocolFilterWrapper$1.invoke(ProtocolFilterWrapper.java:117)
	at com.alibaba.dubbo.rpc.protocol.t3.T3Protocol$1.reply(T3Protocol.java:171)
	at com.alibaba.dubbo.remoting.exchange.support.header.HeaderExchangeHandler.handleRequest(HeaderExchangeHandler.java:96)
	at com.alibaba.dubbo.remoting.exchange.support.header.HeaderExchangeHandler.received(HeaderExchangeHandler.java:186)
	at com.alibaba.dubbo.remoting.transport.DecodeHandler.received(DecodeHandler.java:53)
	at com.alibaba.dubbo.remoting.transport.dispatcher.ChannelEventRunnable.run(ChannelEventRunnable.java:83)
	at java.util.concurrent.ThreadPoolExecutor.runWorker(ThreadPoolExecutor.java:1149)
	at java.util.concurrent.ThreadPoolExecutor$Worker.run(ThreadPoolExecutor.java:624)
	at java.lang.Thread.run(Thread.java:748)

"}}
{"type":"4","info":["","","","","2022-05-22 19:13:00.976","fundPurchase-client","192.168.56.1","1","","","com.fundtrans.fundPurchase.service.PtransService.addPtrans","jres-svr","","4"],"myPackage":{"error_no":"-4","error_info":"[-4][路由规则选择失败，请检查路由设置。Forbid consumer access service com.fundtrans.infoSearch.service.CardService from routers, Please check router configuration.]","requestBody":""}}
{"type":"4","info":["734bd1bf678642d8969ac41d6a2995e3184066cb51bd5000","0","","","2022-05-22 19:18:16.065","fundPurchase-server","192.168.56.1","1","","","com.fundtrans.fundPurchase.service.PtransService.addPtrans","jres-svr","","3"],"myPackage":{"error_no":"-4","error_info":"[-4][路由规则选择失败，请检查路由设置。Forbid consumer access service com.fundtrans.infoSearch.service.CardService from routers, Please check router configuration.]","requestBody":"Nzc9MQAxMT0xADMzPXsicGF0aCI6bnVsbCwiaW50ZXJmYWNlIjoiY29tLmZ1 bmR0cmFucy5mdW5kUHVyY2hhc2Uuc2VydmljZS5QdHJhbnNTZXJ2aWNlIiwi dmVyc2lvbiI6InYiLCJ0aW1lb3V0IjoiMzAwMDAiLCJncm91cCI6ImZ1bmRf dHJhbnMifQAxMz04ADE0PTE2ADM3PTMANT0ANzU9cHVibGljIGFic3RyYWN0 IGNvbS5mdW5kdHJhbnMudm8uUmVzcEJlYW4gY29tLmZ1bmR0cmFucy5mdW5k UHVyY2hhc2Uuc2VydmljZS5QdHJhbnNTZXJ2aWNlLmFkZFB0cmFucyhjb20u ZnVuZHRyYW5zLnBvam8uUHRyYW5zKQAyPTMAMjM9ZnVuZF90cmFucwBmdW5k UHVyY2hhc2Utc2VydmVyAHYAMT0xNTUAOD17ImlkIjowLCJ1c2VyX2lkIjoi OGNiMDA0NzBiMDVjNGE1Y2I3ZGNjOGVkMmZhNWMyZWIiLCJwcm9kdWN0X2lk IjoiU1AwMSIsImNhcmRfaWQiOiIxMjM0NTY3ODkiLCJ0aW1lIjpudWxsLCJt ZXRob2QiOiLkvKDnnJ8iLCJhbW91bnQiOjEwMDAuMDAsInN0YXRlIjpudWxs fQA=","exceptionStack":"com.alibaba.dubbo.rpc.RpcException: [-4][路由规则选择失败，请检查路由设置。Forbid consumer access service com.fundtrans.infoSearch.service.CardService from routers, Please check router configuration.]
	at com.alibaba.dubbo.rpc.cluster.directory.AbstractDirectory.list(AbstractDirectory.java:101)
	at com.alibaba.dubbo.rpc.cluster.support.AbstractClusterInvoker.list(AbstractClusterInvoker.java:319)
	at com.alibaba.dubbo.rpc.cluster.support.AbstractClusterInvoker.invoke(AbstractClusterInvoker.java:271)
	at com.alibaba.dubbo.rpc.cluster.support.wrapper.MockClusterInvoker.invoke(MockClusterInvoker.java:78)
	at com.alibaba.dubbo.rpc.proxy.InvokerInvocationHandler.invoke(InvokerInvocationHandler.java:91)
	at com.alibaba.dubbo.common.bytecode.proxy0.OutFindByUserId(proxy0.java)
	at com.fundtrans.fundPurchase.server.serviceImpl.PtransServiceImpl.addPtrans(PtransServiceImpl.java:59)
	at com.alibaba.dubbo.common.bytecode.Wrapper0.invokeMethod(Wrapper0.java)
	at com.alibaba.dubbo.rpc.proxy.javassist.JavassistProxyFactory$1.doInvoke(JavassistProxyFactory.java:51)
	at com.alibaba.dubbo.rpc.proxy.AbstractProxyInvoker.invoke(AbstractProxyInvoker.java:77)
	at com.alibaba.dubbo.rpc.protocol.InvokerWrapper.invoke(InvokerWrapper.java:57)
	at com.alibaba.dubbo.rpc.filter.ExceptionFilter.invoke(ExceptionFilter.java:62)
	at com.alibaba.dubbo.rpc.protocol.ProtocolFilterWrapper$1.invoke(ProtocolFilterWrapper.java:117)
	at com.alibaba.dubbo.rpc.filter.TimeoutFilter.invoke(TimeoutFilter.java:43)
	at com.alibaba.dubbo.rpc.protocol.ProtocolFilterWrapper$1.invoke(ProtocolFilterWrapper.java:117)
	at com.alibaba.dubbo.rpc.protocol.dubbo.filter.TraceFilter.invoke(TraceFilter.java:79)
	at com.alibaba.dubbo.rpc.protocol.ProtocolFilterWrapper$1.invoke(ProtocolFilterWrapper.java:117)
	at com.alibaba.dubbo.monitor.support.MonitorFilter.invoke(MonitorFilter.java:76)
	at com.alibaba.dubbo.rpc.protocol.ProtocolFilterWrapper$1.invoke(ProtocolFilterWrapper.java:117)
	at com.hundsun.jrescloud.rpc.def.manager.filter.DebugProviderFilter.invoke(DebugProviderFilter.java:103)
	at com.alibaba.dubbo.rpc.protocol.ProtocolFilterWrapper$1.invoke(ProtocolFilterWrapper.java:117)
	at com.alibaba.dubbo.rpc.filter.ContextFilter.invoke(ContextFilter.java:87)
	at com.alibaba.dubbo.rpc.protocol.ProtocolFilterWrapper$1.invoke(ProtocolFilterWrapper.java:117)
	at com.alibaba.dubbo.rpc.filter.GenericFilter.invoke(GenericFilter.java:155)
	at com.alibaba.dubbo.rpc.protocol.ProtocolFilterWrapper$1.invoke(ProtocolFilterWrapper.java:117)
	at com.alibaba.dubbo.rpc.filter.ClassLoaderFilter.invoke(ClassLoaderFilter.java:39)
	at com.alibaba.dubbo.rpc.protocol.ProtocolFilterWrapper$1.invoke(ProtocolFilterWrapper.java:117)
	at com.alibaba.dubbo.rpc.filter.EchoFilter.invoke(EchoFilter.java:40)
	at com.alibaba.dubbo.rpc.protocol.ProtocolFilterWrapper$1.invoke(ProtocolFilterWrapper.java:117)
	at com.hundsun.jrescloud.rpc.def.filter.RpcResultWrapper.invoke(RpcResultWrapper.java:74)
	at com.alibaba.dubbo.rpc.protocol.ProtocolFilterWrapper$1.invoke(ProtocolFilterWrapper.java:117)
	at com.hundsun.jrescloud.rpc.def.monitor.filter.MonitorProviderFilter.invoke(MonitorProviderFilter.java:69)
	at com.alibaba.dubbo.rpc.protocol.ProtocolFilterWrapper$1.invoke(ProtocolFilterWrapper.java:117)
	at com.hundsun.jrescloud.rpc.def.bodyinfo.BodyInfoProviderFilter.invoke(BodyInfoProviderFilter.java:59)
	at com.alibaba.dubbo.rpc.protocol.ProtocolFilterWrapper$1.invoke(ProtocolFilterWrapper.java:117)
	at com.hundsun.jrescloud.rpc.def.log.LogContextFilter.invoke(LogContextFilter.java:31)
	at com.alibaba.dubbo.rpc.protocol.ProtocolFilterWrapper$1.invoke(ProtocolFilterWrapper.java:117)
	at com.hundsun.jrescloud.rpc.def.trace.TraceProviderFilter.invoke(TraceProviderFilter.java:156)
	at com.alibaba.dubbo.rpc.protocol.ProtocolFilterWrapper$1.invoke(ProtocolFilterWrapper.java:117)
	at com.alibaba.dubbo.rpc.protocol.t3.T3Protocol$1.reply(T3Protocol.java:171)
	at com.alibaba.dubbo.remoting.exchange.support.header.HeaderExchangeHandler.handleRequest(HeaderExchangeHandler.java:96)
	at com.alibaba.dubbo.remoting.exchange.support.header.HeaderExchangeHandler.received(HeaderExchangeHandler.java:186)
	at com.alibaba.dubbo.remoting.transport.DecodeHandler.received(DecodeHandler.java:53)
	at com.alibaba.dubbo.remoting.transport.dispatcher.ChannelEventRunnable.run(ChannelEventRunnable.java:83)
	at java.util.concurrent.ThreadPoolExecutor.runWorker(ThreadPoolExecutor.java:1149)
	at java.util.concurrent.ThreadPoolExecutor$Worker.run(ThreadPoolExecutor.java:624)
	at java.lang.Thread.run(Thread.java:748)

"}}
{"type":"4","info":["","","","","2022-05-22 19:18:16.117","fundPurchase-client","192.168.56.1","1","","","com.fundtrans.fundPurchase.service.PtransService.addPtrans","jres-svr","","4"],"myPackage":{"error_no":"-4","error_info":"[-4][路由规则选择失败，请检查路由设置。Forbid consumer access service com.fundtrans.infoSearch.service.CardService from routers, Please check router configuration.]","requestBody":""}}
{"type":"4","info":["17625077c8c84567af09d2bd5d388f7a2d22709be35b8800","0","","","2022-05-22 19:18:49.615","fundPurchase-server","192.168.56.1","1","","","com.fundtrans.fundPurchase.service.PtransService.addPtrans","jres-svr","","3"],"myPackage":{"error_no":"-4","error_info":"[-4][路由规则选择失败，请检查路由设置。Forbid consumer access service com.fundtrans.infoSearch.service.CardService from routers, Please check router configuration.]","requestBody":"Nzc9MQAxMT0zADMzPXsicGF0aCI6bnVsbCwiaW50ZXJmYWNlIjoiY29tLmZ1 bmR0cmFucy5mdW5kUHVyY2hhc2Uuc2VydmljZS5QdHJhbnNTZXJ2aWNlIiwi dmVyc2lvbiI6InYiLCJ0aW1lb3V0IjoiMzAwMDAiLCJncm91cCI6ImZ1bmRf dHJhbnMifQAxMz04ADE0PTE2ADM3PTMANT0ANzU9cHVibGljIGFic3RyYWN0 IGNvbS5mdW5kdHJhbnMudm8uUmVzcEJlYW4gY29tLmZ1bmR0cmFucy5mdW5k UHVyY2hhc2Uuc2VydmljZS5QdHJhbnNTZXJ2aWNlLmFkZFB0cmFucyhjb20u ZnVuZHRyYW5zLnBvam8uUHRyYW5zKQAyPTMAMjM9ZnVuZF90cmFucwBmdW5k UHVyY2hhc2Utc2VydmVyAHYAMT0xNTUAOD17ImlkIjowLCJ1c2VyX2lkIjoi OGNiMDA0NzBiMDVjNGE1Y2I3ZGNjOGVkMmZhNWMyZWIiLCJwcm9kdWN0X2lk IjoiU1AwMSIsImNhcmRfaWQiOiIxMjM0NTY3ODkiLCJ0aW1lIjpudWxsLCJt ZXRob2QiOiLkvKDnnJ8iLCJhbW91bnQiOjEwMDAuMDAsInN0YXRlIjpudWxs fQA=","exceptionStack":"com.alibaba.dubbo.rpc.RpcException: [-4][路由规则选择失败，请检查路由设置。Forbid consumer access service com.fundtrans.infoSearch.service.CardService from routers, Please check router configuration.]
	at com.alibaba.dubbo.rpc.cluster.directory.AbstractDirectory.list(AbstractDirectory.java:101)
	at com.alibaba.dubbo.rpc.cluster.support.AbstractClusterInvoker.list(AbstractClusterInvoker.java:319)
	at com.alibaba.dubbo.rpc.cluster.support.AbstractClusterInvoker.invoke(AbstractClusterInvoker.java:271)
	at com.alibaba.dubbo.rpc.cluster.support.wrapper.MockClusterInvoker.invoke(MockClusterInvoker.java:78)
	at com.alibaba.dubbo.rpc.proxy.InvokerInvocationHandler.invoke(InvokerInvocationHandler.java:91)
	at com.alibaba.dubbo.common.bytecode.proxy0.OutFindByUserId(proxy0.java)
	at com.fundtrans.fundPurchase.server.serviceImpl.PtransServiceImpl.addPtrans(PtransServiceImpl.java:59)
	at com.alibaba.dubbo.common.bytecode.Wrapper0.invokeMethod(Wrapper0.java)
	at com.alibaba.dubbo.rpc.proxy.javassist.JavassistProxyFactory$1.doInvoke(JavassistProxyFactory.java:51)
	at com.alibaba.dubbo.rpc.proxy.AbstractProxyInvoker.invoke(AbstractProxyInvoker.java:77)
	at com.alibaba.dubbo.rpc.protocol.InvokerWrapper.invoke(InvokerWrapper.java:57)
	at com.alibaba.dubbo.rpc.filter.ExceptionFilter.invoke(ExceptionFilter.java:62)
	at com.alibaba.dubbo.rpc.protocol.ProtocolFilterWrapper$1.invoke(ProtocolFilterWrapper.java:117)
	at com.alibaba.dubbo.rpc.filter.TimeoutFilter.invoke(TimeoutFilter.java:43)
	at com.alibaba.dubbo.rpc.protocol.ProtocolFilterWrapper$1.invoke(ProtocolFilterWrapper.java:117)
	at com.alibaba.dubbo.rpc.protocol.dubbo.filter.TraceFilter.invoke(TraceFilter.java:79)
	at com.alibaba.dubbo.rpc.protocol.ProtocolFilterWrapper$1.invoke(ProtocolFilterWrapper.java:117)
	at com.alibaba.dubbo.monitor.support.MonitorFilter.invoke(MonitorFilter.java:76)
	at com.alibaba.dubbo.rpc.protocol.ProtocolFilterWrapper$1.invoke(ProtocolFilterWrapper.java:117)
	at com.hundsun.jrescloud.rpc.def.manager.filter.DebugProviderFilter.invoke(DebugProviderFilter.java:103)
	at com.alibaba.dubbo.rpc.protocol.ProtocolFilterWrapper$1.invoke(ProtocolFilterWrapper.java:117)
	at com.alibaba.dubbo.rpc.filter.ContextFilter.invoke(ContextFilter.java:87)
	at com.alibaba.dubbo.rpc.protocol.ProtocolFilterWrapper$1.invoke(ProtocolFilterWrapper.java:117)
	at com.alibaba.dubbo.rpc.filter.GenericFilter.invoke(GenericFilter.java:155)
	at com.alibaba.dubbo.rpc.protocol.ProtocolFilterWrapper$1.invoke(ProtocolFilterWrapper.java:117)
	at com.alibaba.dubbo.rpc.filter.ClassLoaderFilter.invoke(ClassLoaderFilter.java:39)
	at com.alibaba.dubbo.rpc.protocol.ProtocolFilterWrapper$1.invoke(ProtocolFilterWrapper.java:117)
	at com.alibaba.dubbo.rpc.filter.EchoFilter.invoke(EchoFilter.java:40)
	at com.alibaba.dubbo.rpc.protocol.ProtocolFilterWrapper$1.invoke(ProtocolFilterWrapper.java:117)
	at com.hundsun.jrescloud.rpc.def.filter.RpcResultWrapper.invoke(RpcResultWrapper.java:74)
	at com.alibaba.dubbo.rpc.protocol.ProtocolFilterWrapper$1.invoke(ProtocolFilterWrapper.java:117)
	at com.hundsun.jrescloud.rpc.def.monitor.filter.MonitorProviderFilter.invoke(MonitorProviderFilter.java:69)
	at com.alibaba.dubbo.rpc.protocol.ProtocolFilterWrapper$1.invoke(ProtocolFilterWrapper.java:117)
	at com.hundsun.jrescloud.rpc.def.bodyinfo.BodyInfoProviderFilter.invoke(BodyInfoProviderFilter.java:59)
	at com.alibaba.dubbo.rpc.protocol.ProtocolFilterWrapper$1.invoke(ProtocolFilterWrapper.java:117)
	at com.hundsun.jrescloud.rpc.def.log.LogContextFilter.invoke(LogContextFilter.java:31)
	at com.alibaba.dubbo.rpc.protocol.ProtocolFilterWrapper$1.invoke(ProtocolFilterWrapper.java:117)
	at com.hundsun.jrescloud.rpc.def.trace.TraceProviderFilter.invoke(TraceProviderFilter.java:156)
	at com.alibaba.dubbo.rpc.protocol.ProtocolFilterWrapper$1.invoke(ProtocolFilterWrapper.java:117)
	at com.alibaba.dubbo.rpc.protocol.t3.T3Protocol$1.reply(T3Protocol.java:171)
	at com.alibaba.dubbo.remoting.exchange.support.header.HeaderExchangeHandler.handleRequest(HeaderExchangeHandler.java:96)
	at com.alibaba.dubbo.remoting.exchange.support.header.HeaderExchangeHandler.received(HeaderExchangeHandler.java:186)
	at com.alibaba.dubbo.remoting.transport.DecodeHandler.received(DecodeHandler.java:53)
	at com.alibaba.dubbo.remoting.transport.dispatcher.ChannelEventRunnable.run(ChannelEventRunnable.java:83)
	at java.util.concurrent.ThreadPoolExecutor.runWorker(ThreadPoolExecutor.java:1149)
	at java.util.concurrent.ThreadPoolExecutor$Worker.run(ThreadPoolExecutor.java:624)
	at java.lang.Thread.run(Thread.java:748)

"}}
{"type":"4","info":["","","","","2022-05-22 19:18:49.616","fundPurchase-client","192.168.56.1","1","","","com.fundtrans.fundPurchase.service.PtransService.addPtrans","jres-svr","","1"],"myPackage":{"error_no":"-4","error_info":"[-4][路由规则选择失败，请检查路由设置。Forbid consumer access service com.fundtrans.infoSearch.service.CardService from routers, Please check router configuration.]","requestBody":""}}
